2025-05-29 09:51:35,476 - werkzeug - INFO - [31m[1mWARNING: This is a development server. Do not use it in a production deployment. Use a production WSGI server instead.[0m
 * Running on http://127.0.0.1:5000
2025-05-29 09:51:35,476 - werkzeug - INFO - [33mPress CTRL+C to quit[0m
2025-05-29 09:51:35,476 - werkzeug - INFO -  * Restarting with stat
2025-05-29 09:51:36,346 - werkzeug - WARNING -  * Debugger is active!
2025-05-29 09:51:36,377 - werkzeug - INFO -  * Debugger PIN: 118-658-406
2025-05-29 09:51:48,370 - werkzeug - INFO - 127.0.0.1 - - [29/May/2025 09:51:48] "GET / HTTP/1.1" 200 -
2025-05-29 09:52:03,720 - werkzeug - INFO - 127.0.0.1 - - [29/May/2025 09:52:03] "[33mGET /favicon.ico HTTP/1.1[0m" 404 -
2025-05-29 09:52:07,870 - werkzeug - INFO - 127.0.0.1 - - [29/May/2025 09:52:07] "GET / HTTP/1.1" 200 -
2025-05-29 14:00:53,848 - werkzeug - INFO - [31m[1mWARNING: This is a development server. Do not use it in a production deployment. Use a production WSGI server instead.[0m
 * Running on http://127.0.0.1:5000
2025-05-29 14:00:53,848 - werkzeug - INFO - [33mPress CTRL+C to quit[0m
2025-05-29 14:00:53,848 - werkzeug - INFO -  * Restarting with stat
2025-05-29 14:00:54,391 - werkzeug - WARNING -  * Debugger is active!
2025-05-29 14:00:54,396 - werkzeug - INFO -  * Debugger PIN: 118-658-406
2025-05-29 14:00:58,018 - werkzeug - INFO - 127.0.0.1 - - [29/May/2025 14:00:58] "GET / HTTP/1.1" 200 -
2025-05-29 14:02:09,507 - werkzeug - INFO -  * Detected change in 'e:\\excel\\app.py', reloading
2025-05-29 14:02:09,555 - werkzeug - INFO -  * Restarting with stat
2025-05-29 14:02:10,111 - werkzeug - WARNING -  * Debugger is active!
2025-05-29 14:02:10,116 - werkzeug - INFO -  * Debugger PIN: 118-658-406
2025-05-29 14:02:14,251 - werkzeug - INFO -  * Detected change in 'e:\\excel\\app.py', reloading
2025-05-29 14:02:14,293 - werkzeug - INFO -  * Restarting with stat
2025-05-29 14:02:14,805 - werkzeug - WARNING -  * Debugger is active!
2025-05-29 14:02:14,812 - werkzeug - INFO -  * Debugger PIN: 118-658-406
2025-05-29 14:02:43,997 - werkzeug - INFO - [31m[1mWARNING: This is a development server. Do not use it in a production deployment. Use a production WSGI server instead.[0m
 * Running on http://127.0.0.1:5000
2025-05-29 14:02:43,997 - werkzeug - INFO - [33mPress CTRL+C to quit[0m
2025-05-29 14:02:43,998 - werkzeug - INFO -  * Restarting with stat
2025-05-29 14:02:44,620 - werkzeug - WARNING -  * Debugger is active!
2025-05-29 14:02:44,627 - werkzeug - INFO -  * Debugger PIN: 118-658-406
2025-05-29 14:02:46,815 - werkzeug - INFO - 127.0.0.1 - - [29/May/2025 14:02:46] "GET / HTTP/1.1" 200 -
2025-05-29 14:04:03,508 - werkzeug - INFO -  * Detected change in 'e:\\excel\\app.py', reloading
2025-05-29 14:04:03,547 - werkzeug - INFO -  * Restarting with stat
2025-05-29 14:04:04,105 - werkzeug - WARNING -  * Debugger is active!
2025-05-29 14:04:04,110 - werkzeug - INFO -  * Debugger PIN: 118-658-406
2025-05-29 14:04:05,156 - werkzeug - INFO -  * Detected change in 'e:\\excel\\app.py', reloading
2025-05-29 14:04:05,198 - werkzeug - INFO -  * Restarting with stat
2025-05-29 14:04:05,721 - werkzeug - WARNING -  * Debugger is active!
2025-05-29 14:04:05,728 - werkzeug - INFO -  * Debugger PIN: 118-658-406
2025-05-29 14:04:18,958 - werkzeug - INFO - [31m[1mWARNING: This is a development server. Do not use it in a production deployment. Use a production WSGI server instead.[0m
 * Running on http://127.0.0.1:5000
2025-05-29 14:04:18,959 - werkzeug - INFO - [33mPress CTRL+C to quit[0m
2025-05-29 14:04:18,959 - werkzeug - INFO -  * Restarting with stat
2025-05-29 14:04:19,480 - werkzeug - WARNING -  * Debugger is active!
2025-05-29 14:04:19,485 - werkzeug - INFO -  * Debugger PIN: 118-658-406
2025-05-29 14:04:22,039 - werkzeug - INFO - 127.0.0.1 - - [29/May/2025 14:04:22] "GET / HTTP/1.1" 200 -
2025-05-29 14:05:42,688 - werkzeug - INFO -  * Detected change in 'E:\\excel\\app.py', reloading
2025-05-29 14:05:42,740 - werkzeug - INFO -  * Restarting with stat
2025-05-29 14:05:43,282 - __main__ - INFO - ä¸Šä¼ ç›®å½•: E:\excel\uploads
2025-05-29 14:05:43,282 - __main__ - INFO - å¯¼å‡ºç›®å½•: E:\excel\exports
2025-05-29 14:05:43,296 - werkzeug - WARNING -  * Debugger is active!
2025-05-29 14:05:43,300 - werkzeug - INFO -  * Debugger PIN: 118-658-406
2025-05-29 14:05:44,354 - werkzeug - INFO -  * Detected change in 'E:\\excel\\app.py', reloading
2025-05-29 14:05:44,414 - werkzeug - INFO -  * Restarting with stat
2025-05-29 14:05:44,921 - __main__ - INFO - ä¸Šä¼ ç›®å½•: E:\excel\uploads
2025-05-29 14:05:44,921 - __main__ - INFO - å¯¼å‡ºç›®å½•: E:\excel\exports
2025-05-29 14:05:44,938 - werkzeug - WARNING -  * Debugger is active!
2025-05-29 14:05:44,941 - werkzeug - INFO -  * Debugger PIN: 118-658-406
2025-05-29 14:05:52,218 - __main__ - INFO - ä¸Šä¼ ç›®å½•: E:\excel\uploads
2025-05-29 14:05:52,218 - __main__ - INFO - å¯¼å‡ºç›®å½•: E:\excel\exports
2025-05-29 14:05:52,236 - werkzeug - INFO - [31m[1mWARNING: This is a development server. Do not use it in a production deployment. Use a production WSGI server instead.[0m
 * Running on http://127.0.0.1:5000
2025-05-29 14:05:52,236 - werkzeug - INFO - [33mPress CTRL+C to quit[0m
2025-05-29 14:05:52,238 - werkzeug - INFO -  * Restarting with stat
2025-05-29 14:05:52,806 - __main__ - INFO - ä¸Šä¼ ç›®å½•: E:\excel\uploads
2025-05-29 14:05:52,806 - __main__ - INFO - å¯¼å‡ºç›®å½•: E:\excel\exports
2025-05-29 14:05:52,820 - werkzeug - WARNING -  * Debugger is active!
2025-05-29 14:05:52,825 - werkzeug - INFO -  * Debugger PIN: 118-658-406
2025-05-29 14:05:55,229 - werkzeug - INFO - 127.0.0.1 - - [29/May/2025 14:05:55] "GET / HTTP/1.1" 200 -
2025-05-29 14:08:42,239 - __main__ - INFO - ä¸Šä¼ ç›®å½•: E:\excel\uploads
2025-05-29 14:08:42,240 - __main__ - INFO - å¯¼å‡ºç›®å½•: E:\excel\exports
2025-05-29 14:08:42,258 - werkzeug - INFO - [31m[1mWARNING: This is a development server. Do not use it in a production deployment. Use a production WSGI server instead.[0m
 * Running on http://127.0.0.1:5000
2025-05-29 14:08:42,258 - werkzeug - INFO - [33mPress CTRL+C to quit[0m
2025-05-29 14:08:42,258 - werkzeug - INFO -  * Restarting with stat
2025-05-29 14:08:42,774 - __main__ - INFO - ä¸Šä¼ ç›®å½•: E:\excel\uploads
2025-05-29 14:08:42,775 - __main__ - INFO - å¯¼å‡ºç›®å½•: E:\excel\exports
2025-05-29 14:08:42,787 - werkzeug - WARNING -  * Debugger is active!
2025-05-29 14:08:42,791 - werkzeug - INFO -  * Debugger PIN: 118-658-406
2025-05-29 14:08:45,609 - werkzeug - INFO - 127.0.0.1 - - [29/May/2025 14:08:45] "GET / HTTP/1.1" 200 -
2025-05-29 14:08:47,909 - __main__ - INFO - æ–‡ä»¶å·²ä¿å­˜: E:\excel\uploads\5619610orders_export2025-05-26-11-28-35.csv
2025-05-29 14:08:47,909 - __main__ - INFO - å¼€å§‹å¤„ç†æ–‡ä»¶: E:\excel\uploads\5619610orders_export2025-05-26-11-28-35.csv
2025-05-29 14:08:47,909 - __main__ - INFO - æ–‡ä»¶å¤§å°: 19072 å­—èŠ‚
2025-05-29 14:08:47,927 - __main__ - INFO - æˆåŠŸä½¿ç”¨ utf-8 ç¼–ç è¯»å–CSVæ–‡ä»¶ï¼Œåˆ—å: ['å•†å“', 'è®¢å•å·', 'è®¢å•çŠ¶æ€', 'å•†å“æ€»ä»·(å…ƒ)', 'é‚®è´¹(å…ƒ)', 'åº—é“ºä¼˜æƒ æŠ˜æ‰£(å…ƒ)', 'å¹³å°ä¼˜æƒ æŠ˜æ‰£(å…ƒ)', 'å¤šå¤šæ”¯ä»˜ç«‹å‡é‡‘é¢(å…ƒ)', 'ç”¨æˆ·å®ä»˜é‡‘é¢(å…ƒ)', 'å•†å®¶å®æ”¶é‡‘é¢(å…ƒ)', 'å•†å“æ•°é‡(ä»¶)', 'å‘è´§æ—¶é—´', 'ç¡®è®¤æ”¶è´§æ—¶é—´', 'å•†å“id', 'å•†å“è§„æ ¼', 'æ ·å¼ID', 'å•†å®¶å¤‡æ³¨', 'å”®åçŠ¶æ€', 'å¿«é€’å•å·', 'å¿«é€’å…¬å¸', 'è®¢å•æˆäº¤æ—¶é—´', 'æ˜¯å¦åˆ†æœŸ', 'åˆ†æœŸæœŸæ•°', 'æ‰‹ç»­è´¹æ‰¿æ‹…æ–¹', 'åˆ†æœŸæ–¹å¼']
2025-05-29 14:08:47,928 - __main__ - INFO - æˆåŠŸè½¬æ¢é‡‘é¢åˆ—
2025-05-29 14:08:47,929 - __main__ - INFO - æˆåŠŸå¤„ç†å”®åçŠ¶æ€
2025-05-29 14:08:47,930 - __main__ - INFO - æˆåŠŸæ ‡è®°æœ‰æ•ˆè®¢å•
2025-05-29 14:08:47,931 - __main__ - INFO - æˆåŠŸæ ‡è®°å‘è´§çŠ¶æ€
2025-05-29 14:08:47,932 - __main__ - INFO - æœ‰æ•ˆè®¢å•æ•°é‡: 32
2025-05-29 14:08:47,934 - __main__ - INFO - ç»Ÿè®¡æ•°æ®: {'å®é™…é”€å”®è®¢å•æ•°': 32, 'å®é™…é”€å”®é‡‘é¢': 3355.7200000000003, 'å·²å‘è´§è®¢å•æ•°': 32, 'å·²å‘è´§è®¢å•é‡‘é¢': 3355.7200000000003, 'æœªå‘è´§è®¢å•æ•°': 0, 'æœªå‘è´§è®¢å•é‡‘é¢': 0.0, 'æ— å”®åè®¢å•æ•°': 32, 'æ— å”®åè®¢å•é‡‘é¢': 3355.7200000000003, 'é€€æ¬¾è®¢å•æ•°': 10, 'é€€æ¬¾è®¢å•é‡‘é¢': 1360.7}
2025-05-29 14:08:48,112 - __main__ - INFO - æ–‡ä»¶å¯¼å‡ºæˆåŠŸ: processed_orders_20250529_140847.xlsx
2025-05-29 14:08:48,112 - __main__ - INFO - ä¸´æ—¶æ–‡ä»¶å·²åˆ é™¤: E:\excel\uploads\5619610orders_export2025-05-26-11-28-35.csv
2025-05-29 14:08:48,114 - werkzeug - INFO - 127.0.0.1 - - [29/May/2025 14:08:48] "POST /upload HTTP/1.1" 200 -
2025-05-29 14:08:52,846 - __main__ - INFO - å¼€å§‹ä¸‹è½½æ–‡ä»¶: processed_orders_20250529_140847.xlsx
2025-05-29 14:08:52,860 - werkzeug - INFO - 127.0.0.1 - - [29/May/2025 14:08:52] "GET /download/processed_orders_20250529_140847.xlsx HTTP/1.1" 200 -
2025-05-29 14:09:40,925 - __main__ - INFO - å¼€å§‹ä¸‹è½½æ–‡ä»¶: processed_orders_20250529_140847.xlsx
2025-05-29 14:09:40,926 - werkzeug - INFO - 127.0.0.1 - - [29/May/2025 14:09:40] "[36mGET /download/processed_orders_20250529_140847.xlsx HTTP/1.1[0m" 304 -
2025-05-29 14:14:39,895 - __main__ - INFO - æ–‡ä»¶å·²ä¿å­˜: E:\excel\uploads\æœ´æ°§5.29.csv
2025-05-29 14:14:39,896 - __main__ - INFO - å¼€å§‹å¤„ç†æ–‡ä»¶: E:\excel\uploads\æœ´æ°§5.29.csv
2025-05-29 14:14:39,896 - __main__ - INFO - æ–‡ä»¶å¤§å°: 21720 å­—èŠ‚
2025-05-29 14:14:39,925 - __main__ - INFO - æˆåŠŸä½¿ç”¨ utf-8 ç¼–ç è¯»å–CSVæ–‡ä»¶ï¼Œåˆ—å: ['å•†å“', 'è®¢å•å·', 'è®¢å•çŠ¶æ€', 'å•†å“æ€»ä»·(å…ƒ)', 'é‚®è´¹(å…ƒ)', 'åº—é“ºä¼˜æƒ æŠ˜æ‰£(å…ƒ)', 'å¹³å°ä¼˜æƒ æŠ˜æ‰£(å…ƒ)', 'å¤šå¤šæ”¯ä»˜ç«‹å‡é‡‘é¢(å…ƒ)', 'ç”¨æˆ·å®ä»˜é‡‘é¢(å…ƒ)', 'å•†å®¶å®æ”¶é‡‘é¢(å…ƒ)', 'å•†å“æ•°é‡(ä»¶)', 'å‘è´§æ—¶é—´', 'ç¡®è®¤æ”¶è´§æ—¶é—´', 'å•†å“id', 'å•†å“è§„æ ¼', 'æ ·å¼ID', 'å•†å®¶å¤‡æ³¨', 'å”®åçŠ¶æ€', 'å¿«é€’å•å·', 'å¿«é€’å…¬å¸', 'è®¢å•æˆäº¤æ—¶é—´', 'æ˜¯å¦åˆ†æœŸ', 'åˆ†æœŸæœŸæ•°', 'æ‰‹ç»­è´¹æ‰¿æ‹…æ–¹', 'åˆ†æœŸæ–¹å¼']
2025-05-29 14:14:39,925 - __main__ - INFO - æˆåŠŸè½¬æ¢é‡‘é¢åˆ—
2025-05-29 14:14:39,925 - __main__ - INFO - æˆåŠŸå¤„ç†å”®åçŠ¶æ€
2025-05-29 14:14:39,931 - __main__ - INFO - æˆåŠŸæ ‡è®°æœ‰æ•ˆè®¢å•
2025-05-29 14:14:39,933 - __main__ - INFO - æˆåŠŸæ ‡è®°å‘è´§çŠ¶æ€
2025-05-29 14:14:39,933 - __main__ - INFO - æœ‰æ•ˆè®¢å•æ•°é‡: 45
2025-05-29 14:14:39,943 - __main__ - INFO - ç»Ÿè®¡æ•°æ®: {'å®é™…é”€å”®è®¢å•æ•°': 45, 'å®é™…é”€å”®é‡‘é¢': 3860.12, 'å·²å‘è´§è®¢å•æ•°': 29, 'å·²å‘è´§è®¢å•é‡‘é¢': 2444.62, 'æœªå‘è´§è®¢å•æ•°': 0, 'æœªå‘è´§è®¢å•é‡‘é¢': 0.0, 'æ— å”®åè®¢å•æ•°': 44, 'æ— å”®åè®¢å•é‡‘é¢': 3761.12, 'é€€æ¬¾è®¢å•æ•°': 7, 'é€€æ¬¾è®¢å•é‡‘é¢': 606.3}
2025-05-29 14:14:40,042 - __main__ - INFO - æ–‡ä»¶å¯¼å‡ºæˆåŠŸ: processed_orders_20250529_141439.xlsx
2025-05-29 14:14:40,042 - __main__ - INFO - ä¸´æ—¶æ–‡ä»¶å·²åˆ é™¤: E:\excel\uploads\æœ´æ°§5.29.csv
2025-05-29 14:14:40,042 - werkzeug - INFO - 127.0.0.1 - - [29/May/2025 14:14:40] "POST /upload HTTP/1.1" 200 -
2025-05-29 14:14:45,256 - __main__ - INFO - å¼€å§‹ä¸‹è½½æ–‡ä»¶: processed_orders_20250529_141439.xlsx
2025-05-29 14:14:45,266 - werkzeug - INFO - 127.0.0.1 - - [29/May/2025 14:14:45] "GET /download/processed_orders_20250529_141439.xlsx HTTP/1.1" 200 -
2025-05-29 14:15:20,090 - __main__ - INFO - æ–‡ä»¶å·²ä¿å­˜: E:\excel\uploads\æœ´æ°§5.29.csv
2025-05-29 14:15:20,091 - __main__ - INFO - å¼€å§‹å¤„ç†æ–‡ä»¶: E:\excel\uploads\æœ´æ°§5.29.csv
2025-05-29 14:15:20,091 - __main__ - INFO - æ–‡ä»¶å¤§å°: 21720 å­—èŠ‚
2025-05-29 14:15:20,117 - __main__ - INFO - æˆåŠŸä½¿ç”¨ utf-8 ç¼–ç è¯»å–CSVæ–‡ä»¶ï¼Œåˆ—å: ['å•†å“', 'è®¢å•å·', 'è®¢å•çŠ¶æ€', 'å•†å“æ€»ä»·(å…ƒ)', 'é‚®è´¹(å…ƒ)', 'åº—é“ºä¼˜æƒ æŠ˜æ‰£(å…ƒ)', 'å¹³å°ä¼˜æƒ æŠ˜æ‰£(å…ƒ)', 'å¤šå¤šæ”¯ä»˜ç«‹å‡é‡‘é¢(å…ƒ)', 'ç”¨æˆ·å®ä»˜é‡‘é¢(å…ƒ)', 'å•†å®¶å®æ”¶é‡‘é¢(å…ƒ)', 'å•†å“æ•°é‡(ä»¶)', 'å‘è´§æ—¶é—´', 'ç¡®è®¤æ”¶è´§æ—¶é—´', 'å•†å“id', 'å•†å“è§„æ ¼', 'æ ·å¼ID', 'å•†å®¶å¤‡æ³¨', 'å”®åçŠ¶æ€', 'å¿«é€’å•å·', 'å¿«é€’å…¬å¸', 'è®¢å•æˆäº¤æ—¶é—´', 'æ˜¯å¦åˆ†æœŸ', 'åˆ†æœŸæœŸæ•°', 'æ‰‹ç»­è´¹æ‰¿æ‹…æ–¹', 'åˆ†æœŸæ–¹å¼']
2025-05-29 14:15:20,118 - __main__ - INFO - æˆåŠŸè½¬æ¢é‡‘é¢åˆ—
2025-05-29 14:15:20,120 - __main__ - INFO - æˆåŠŸå¤„ç†å”®åçŠ¶æ€
2025-05-29 14:15:20,122 - __main__ - INFO - æˆåŠŸæ ‡è®°æœ‰æ•ˆè®¢å•
2025-05-29 14:15:20,125 - __main__ - INFO - æˆåŠŸæ ‡è®°å‘è´§çŠ¶æ€
2025-05-29 14:15:20,127 - __main__ - INFO - æœ‰æ•ˆè®¢å•æ•°é‡: 45
2025-05-29 14:15:20,134 - __main__ - INFO - ç»Ÿè®¡æ•°æ®: {'å®é™…é”€å”®è®¢å•æ•°': 45, 'å®é™…é”€å”®é‡‘é¢': 3860.12, 'å·²å‘è´§è®¢å•æ•°': 29, 'å·²å‘è´§è®¢å•é‡‘é¢': 2444.62, 'æœªå‘è´§è®¢å•æ•°': 0, 'æœªå‘è´§è®¢å•é‡‘é¢': 0.0, 'æ— å”®åè®¢å•æ•°': 44, 'æ— å”®åè®¢å•é‡‘é¢': 3761.12, 'é€€æ¬¾è®¢å•æ•°': 7, 'é€€æ¬¾è®¢å•é‡‘é¢': 606.3}
2025-05-29 14:15:20,247 - __main__ - INFO - æ–‡ä»¶å¯¼å‡ºæˆåŠŸ: processed_orders_20250529_141520.xlsx
2025-05-29 14:15:20,248 - __main__ - INFO - ä¸´æ—¶æ–‡ä»¶å·²åˆ é™¤: E:\excel\uploads\æœ´æ°§5.29.csv
2025-05-29 14:15:20,249 - werkzeug - INFO - 127.0.0.1 - - [29/May/2025 14:15:20] "POST /upload HTTP/1.1" 200 -
2025-05-29 14:16:37,097 - __main__ - INFO - å¼€å§‹ä¸‹è½½æ–‡ä»¶: processed_orders_20250529_141520.xlsx
2025-05-29 14:16:37,108 - werkzeug - INFO - 127.0.0.1 - - [29/May/2025 14:16:37] "GET /download/processed_orders_20250529_141520.xlsx HTTP/1.1" 200 -
2025-05-29 14:19:56,381 - __main__ - INFO - ä¸Šä¼ ç›®å½•: E:\excel\uploads
2025-05-29 14:19:56,381 - __main__ - INFO - å¯¼å‡ºç›®å½•: E:\excel\exports
2025-05-29 14:19:56,401 - werkzeug - INFO - [31m[1mWARNING: This is a development server. Do not use it in a production deployment. Use a production WSGI server instead.[0m
 * Running on http://127.0.0.1:5000
2025-05-29 14:19:56,401 - werkzeug - INFO - [33mPress CTRL+C to quit[0m
2025-05-29 14:19:56,406 - werkzeug - INFO -  * Restarting with stat
2025-05-29 14:19:56,930 - __main__ - INFO - ä¸Šä¼ ç›®å½•: E:\excel\uploads
2025-05-29 14:19:56,930 - __main__ - INFO - å¯¼å‡ºç›®å½•: E:\excel\exports
2025-05-29 14:19:56,942 - werkzeug - WARNING -  * Debugger is active!
2025-05-29 14:19:56,944 - werkzeug - INFO -  * Debugger PIN: 118-658-406
2025-05-29 14:20:00,265 - werkzeug - INFO - 127.0.0.1 - - [29/May/2025 14:20:00] "GET / HTTP/1.1" 200 -
2025-05-29 14:21:14,050 - __main__ - INFO - ä¸Šä¼ ç›®å½•: E:\excel\uploads
2025-05-29 14:21:14,050 - __main__ - INFO - å¯¼å‡ºç›®å½•: E:\excel\exports
2025-05-29 14:21:14,069 - werkzeug - INFO - [31m[1mWARNING: This is a development server. Do not use it in a production deployment. Use a production WSGI server instead.[0m
 * Running on http://127.0.0.1:5000
2025-05-29 14:21:14,069 - werkzeug - INFO - [33mPress CTRL+C to quit[0m
2025-05-29 14:21:14,071 - werkzeug - INFO -  * Restarting with stat
2025-05-29 14:21:14,617 - __main__ - INFO - ä¸Šä¼ ç›®å½•: E:\excel\uploads
2025-05-29 14:21:14,617 - __main__ - INFO - å¯¼å‡ºç›®å½•: E:\excel\exports
2025-05-29 14:21:14,635 - werkzeug - WARNING -  * Debugger is active!
2025-05-29 14:21:14,639 - werkzeug - INFO -  * Debugger PIN: 118-658-406
2025-05-29 14:21:16,315 - werkzeug - INFO - 127.0.0.1 - - [29/May/2025 14:21:16] "GET / HTTP/1.1" 200 -
2025-05-29 14:23:31,111 - __main__ - INFO - ä¸Šä¼ ç›®å½•: E:\excel\uploads
2025-05-29 14:23:31,112 - __main__ - INFO - å¯¼å‡ºç›®å½•: E:\excel\exports
2025-05-29 14:23:31,132 - werkzeug - INFO - [31m[1mWARNING: This is a development server. Do not use it in a production deployment. Use a production WSGI server instead.[0m
 * Running on http://127.0.0.1:5000
2025-05-29 14:23:31,133 - werkzeug - INFO - [33mPress CTRL+C to quit[0m
2025-05-29 14:23:31,133 - werkzeug - INFO -  * Restarting with stat
2025-05-29 14:23:31,643 - __main__ - INFO - ä¸Šä¼ ç›®å½•: E:\excel\uploads
2025-05-29 14:23:31,643 - __main__ - INFO - å¯¼å‡ºç›®å½•: E:\excel\exports
2025-05-29 14:23:31,656 - werkzeug - WARNING -  * Debugger is active!
2025-05-29 14:23:31,659 - werkzeug - INFO -  * Debugger PIN: 118-658-406
2025-05-29 14:23:33,802 - werkzeug - INFO - 127.0.0.1 - - [29/May/2025 14:23:33] "GET / HTTP/1.1" 200 -
2025-05-29 14:26:29,878 - __main__ - INFO - ä¸Šä¼ ç›®å½•: E:\excel\uploads
2025-05-29 14:26:29,878 - __main__ - INFO - å¯¼å‡ºç›®å½•: E:\excel\exports
2025-05-29 14:26:29,903 - werkzeug - INFO - [31m[1mWARNING: This is a development server. Do not use it in a production deployment. Use a production WSGI server instead.[0m
 * Running on http://127.0.0.1:5000
2025-05-29 14:26:29,903 - werkzeug - INFO - [33mPress CTRL+C to quit[0m
2025-05-29 14:26:29,904 - werkzeug - INFO -  * Restarting with stat
2025-05-29 14:26:30,400 - __main__ - INFO - ä¸Šä¼ ç›®å½•: E:\excel\uploads
2025-05-29 14:26:30,400 - __main__ - INFO - å¯¼å‡ºç›®å½•: E:\excel\exports
2025-05-29 14:26:30,415 - werkzeug - WARNING -  * Debugger is active!
2025-05-29 14:26:30,420 - werkzeug - INFO -  * Debugger PIN: 118-658-406
2025-05-29 14:26:33,557 - werkzeug - INFO - 127.0.0.1 - - [29/May/2025 14:26:33] "GET / HTTP/1.1" 200 -
2025-05-29 14:27:57,051 - __main__ - INFO - ä¸Šä¼ ç›®å½•: E:\excel\uploads
2025-05-29 14:27:57,052 - __main__ - INFO - å¯¼å‡ºç›®å½•: E:\excel\exports
2025-05-29 14:27:57,069 - werkzeug - INFO - [31m[1mWARNING: This is a development server. Do not use it in a production deployment. Use a production WSGI server instead.[0m
 * Running on http://127.0.0.1:5000
2025-05-29 14:27:57,069 - werkzeug - INFO - [33mPress CTRL+C to quit[0m
2025-05-29 14:27:57,071 - werkzeug - INFO -  * Restarting with stat
2025-05-29 14:27:57,618 - __main__ - INFO - ä¸Šä¼ ç›®å½•: E:\excel\uploads
2025-05-29 14:27:57,618 - __main__ - INFO - å¯¼å‡ºç›®å½•: E:\excel\exports
2025-05-29 14:27:57,629 - werkzeug - WARNING -  * Debugger is active!
2025-05-29 14:27:57,637 - werkzeug - INFO -  * Debugger PIN: 118-658-406
2025-05-29 14:27:58,724 - werkzeug - INFO - 127.0.0.1 - - [29/May/2025 14:27:58] "GET / HTTP/1.1" 200 -
2025-05-29 14:28:02,991 - __main__ - INFO - æ–‡ä»¶å·²ä¿å­˜: E:\excel\uploads\æœ´æ°§5.29.csv
2025-05-29 14:28:02,991 - __main__ - INFO - å¼€å§‹å¤„ç†æ–‡ä»¶: E:\excel\uploads\æœ´æ°§5.29.csv
2025-05-29 14:28:02,992 - __main__ - INFO - æ–‡ä»¶å¤§å°: 21720 å­—èŠ‚
2025-05-29 14:28:03,003 - __main__ - INFO - æˆåŠŸä½¿ç”¨ utf-8 ç¼–ç è¯»å–CSVæ–‡ä»¶ï¼Œåˆ—å: ['å•†å“', 'è®¢å•å·', 'è®¢å•çŠ¶æ€', 'å•†å“æ€»ä»·(å…ƒ)', 'é‚®è´¹(å…ƒ)', 'åº—é“ºä¼˜æƒ æŠ˜æ‰£(å…ƒ)', 'å¹³å°ä¼˜æƒ æŠ˜æ‰£(å…ƒ)', 'å¤šå¤šæ”¯ä»˜ç«‹å‡é‡‘é¢(å…ƒ)', 'ç”¨æˆ·å®ä»˜é‡‘é¢(å…ƒ)', 'å•†å®¶å®æ”¶é‡‘é¢(å…ƒ)', 'å•†å“æ•°é‡(ä»¶)', 'å‘è´§æ—¶é—´', 'ç¡®è®¤æ”¶è´§æ—¶é—´', 'å•†å“id', 'å•†å“è§„æ ¼', 'æ ·å¼ID', 'å•†å®¶å¤‡æ³¨', 'å”®åçŠ¶æ€', 'å¿«é€’å•å·', 'å¿«é€’å…¬å¸', 'è®¢å•æˆäº¤æ—¶é—´', 'æ˜¯å¦åˆ†æœŸ', 'åˆ†æœŸæœŸæ•°', 'æ‰‹ç»­è´¹æ‰¿æ‹…æ–¹', 'åˆ†æœŸæ–¹å¼']
2025-05-29 14:28:03,004 - __main__ - INFO - æˆåŠŸè½¬æ¢é‡‘é¢åˆ—
2025-05-29 14:28:03,005 - __main__ - INFO - æˆåŠŸå¤„ç†å”®åçŠ¶æ€
2025-05-29 14:28:03,006 - __main__ - INFO - æˆåŠŸæ ‡è®°æœ‰æ•ˆè®¢å•
2025-05-29 14:28:03,007 - __main__ - INFO - æˆåŠŸæ ‡è®°å‘è´§çŠ¶æ€
2025-05-29 14:28:03,008 - __main__ - INFO - æœ‰æ•ˆè®¢å•æ•°é‡: 45
2025-05-29 14:28:03,010 - __main__ - INFO - ç»Ÿè®¡æ•°æ®: {'å®é™…é”€å”®è®¢å•æ•°': 45, 'å®é™…é”€å”®é‡‘é¢': 3860.12, 'å·²å‘è´§è®¢å•æ•°': 29, 'å·²å‘è´§è®¢å•é‡‘é¢': 2444.62, 'æœªå‘è´§è®¢å•æ•°': 0, 'æœªå‘è´§è®¢å•é‡‘é¢': 0.0, 'æ— å”®åè®¢å•æ•°': 44, 'æ— å”®åè®¢å•é‡‘é¢': 3761.12, 'é€€æ¬¾è®¢å•æ•°': 7, 'é€€æ¬¾è®¢å•é‡‘é¢': 606.3}
2025-05-29 14:28:03,155 - __main__ - INFO - æ–‡ä»¶å¯¼å‡ºæˆåŠŸ: processed_orders_20250529_142803.xlsx
2025-05-29 14:28:03,156 - __main__ - INFO - ä¸´æ—¶æ–‡ä»¶å·²åˆ é™¤: E:\excel\uploads\æœ´æ°§5.29.csv
2025-05-29 14:28:03,156 - werkzeug - INFO - 127.0.0.1 - - [29/May/2025 14:28:03] "POST /upload HTTP/1.1" 200 -
2025-05-29 14:28:28,220 - __main__ - INFO - æ–‡ä»¶å·²ä¿å­˜: E:\excel\uploads\é¹¿è§5.29.csv
2025-05-29 14:28:28,221 - __main__ - INFO - å¼€å§‹å¤„ç†æ–‡ä»¶: E:\excel\uploads\é¹¿è§5.29.csv
2025-05-29 14:28:28,223 - __main__ - INFO - æ–‡ä»¶å¤§å°: 14086 å­—èŠ‚
2025-05-29 14:28:28,246 - __main__ - INFO - æˆåŠŸä½¿ç”¨ utf-8 ç¼–ç è¯»å–CSVæ–‡ä»¶ï¼Œåˆ—å: ['å•†å“', 'è®¢å•å·', 'è®¢å•çŠ¶æ€', 'å•†å“æ€»ä»·(å…ƒ)', 'é‚®è´¹(å…ƒ)', 'åº—é“ºä¼˜æƒ æŠ˜æ‰£(å…ƒ)', 'å¹³å°ä¼˜æƒ æŠ˜æ‰£(å…ƒ)', 'å¤šå¤šæ”¯ä»˜ç«‹å‡é‡‘é¢(å…ƒ)', 'ç”¨æˆ·å®ä»˜é‡‘é¢(å…ƒ)', 'å•†å®¶å®æ”¶é‡‘é¢(å…ƒ)', 'å•†å“æ•°é‡(ä»¶)', 'å‘è´§æ—¶é—´', 'ç¡®è®¤æ”¶è´§æ—¶é—´', 'å•†å“id', 'å•†å“è§„æ ¼', 'æ ·å¼ID', 'å•†å®¶å¤‡æ³¨', 'å”®åçŠ¶æ€', 'å¿«é€’å•å·', 'å¿«é€’å…¬å¸', 'è®¢å•æˆäº¤æ—¶é—´', 'æ˜¯å¦åˆ†æœŸ', 'åˆ†æœŸæœŸæ•°', 'æ‰‹ç»­è´¹æ‰¿æ‹…æ–¹', 'åˆ†æœŸæ–¹å¼']
2025-05-29 14:28:28,246 - __main__ - INFO - æˆåŠŸè½¬æ¢é‡‘é¢åˆ—
2025-05-29 14:28:28,246 - __main__ - INFO - æˆåŠŸå¤„ç†å”®åçŠ¶æ€
2025-05-29 14:28:28,252 - __main__ - INFO - æˆåŠŸæ ‡è®°æœ‰æ•ˆè®¢å•
2025-05-29 14:28:28,252 - __main__ - INFO - æˆåŠŸæ ‡è®°å‘è´§çŠ¶æ€
2025-05-29 14:28:28,252 - __main__ - INFO - æœ‰æ•ˆè®¢å•æ•°é‡: 26
2025-05-29 14:28:28,262 - __main__ - INFO - ç»Ÿè®¡æ•°æ®: {'å®é™…é”€å”®è®¢å•æ•°': 26, 'å®é™…é”€å”®é‡‘é¢': 2457.0200000000004, 'å·²å‘è´§è®¢å•æ•°': 14, 'å·²å‘è´§è®¢å•é‡‘é¢': 1346.02, 'æœªå‘è´§è®¢å•æ•°': 0, 'æœªå‘è´§è®¢å•é‡‘é¢': 0.0, 'æ— å”®åè®¢å•æ•°': 26, 'æ— å”®åè®¢å•é‡‘é¢': 2457.0200000000004, 'é€€æ¬¾è®¢å•æ•°': 6, 'é€€æ¬¾è®¢å•é‡‘é¢': 558.0}
2025-05-29 14:28:28,361 - __main__ - INFO - æ–‡ä»¶å¯¼å‡ºæˆåŠŸ: processed_orders_20250529_142828.xlsx
2025-05-29 14:28:28,361 - __main__ - INFO - ä¸´æ—¶æ–‡ä»¶å·²åˆ é™¤: E:\excel\uploads\é¹¿è§5.29.csv
2025-05-29 14:28:28,363 - werkzeug - INFO - 127.0.0.1 - - [29/May/2025 14:28:28] "POST /upload HTTP/1.1" 200 -
2025-05-29 14:28:45,704 - __main__ - INFO - æ–‡ä»¶å·²ä¿å­˜: E:\excel\uploads\ä¹çŒª5.29.csv
2025-05-29 14:28:45,704 - __main__ - INFO - å¼€å§‹å¤„ç†æ–‡ä»¶: E:\excel\uploads\ä¹çŒª5.29.csv
2025-05-29 14:28:45,705 - __main__ - INFO - æ–‡ä»¶å¤§å°: 18959 å­—èŠ‚
2025-05-29 14:28:45,725 - __main__ - INFO - æˆåŠŸä½¿ç”¨ utf-8 ç¼–ç è¯»å–CSVæ–‡ä»¶ï¼Œåˆ—å: ['å•†å“', 'è®¢å•å·', 'è®¢å•çŠ¶æ€', 'å•†å“æ€»ä»·(å…ƒ)', 'é‚®è´¹(å…ƒ)', 'åº—é“ºä¼˜æƒ æŠ˜æ‰£(å…ƒ)', 'å¹³å°ä¼˜æƒ æŠ˜æ‰£(å…ƒ)', 'å¤šå¤šæ”¯ä»˜ç«‹å‡é‡‘é¢(å…ƒ)', 'ç”¨æˆ·å®ä»˜é‡‘é¢(å…ƒ)', 'å•†å®¶å®æ”¶é‡‘é¢(å…ƒ)', 'å•†å“æ•°é‡(ä»¶)', 'å‘è´§æ—¶é—´', 'ç¡®è®¤æ”¶è´§æ—¶é—´', 'å•†å“id', 'å•†å“è§„æ ¼', 'æ ·å¼ID', 'å•†å®¶å¤‡æ³¨', 'å”®åçŠ¶æ€', 'å¿«é€’å•å·', 'å¿«é€’å…¬å¸', 'è®¢å•æˆäº¤æ—¶é—´', 'æ˜¯å¦åˆ†æœŸ', 'åˆ†æœŸæœŸæ•°', 'æ‰‹ç»­è´¹æ‰¿æ‹…æ–¹', 'åˆ†æœŸæ–¹å¼']
2025-05-29 14:28:45,731 - __main__ - INFO - æˆåŠŸè½¬æ¢é‡‘é¢åˆ—
2025-05-29 14:28:45,731 - __main__ - INFO - æˆåŠŸå¤„ç†å”®åçŠ¶æ€
2025-05-29 14:28:45,731 - __main__ - INFO - æˆåŠŸæ ‡è®°æœ‰æ•ˆè®¢å•
2025-05-29 14:28:45,738 - __main__ - INFO - æˆåŠŸæ ‡è®°å‘è´§çŠ¶æ€
2025-05-29 14:28:45,738 - __main__ - INFO - æœ‰æ•ˆè®¢å•æ•°é‡: 40
2025-05-29 14:28:45,745 - __main__ - INFO - ç»Ÿè®¡æ•°æ®: {'å®é™…é”€å”®è®¢å•æ•°': 40, 'å®é™…é”€å”®é‡‘é¢': 3495.67, 'å·²å‘è´§è®¢å•æ•°': 17, 'å·²å‘è´§è®¢å•é‡‘é¢': 1610.9, 'æœªå‘è´§è®¢å•æ•°': 0, 'æœªå‘è´§è®¢å•é‡‘é¢': 0.0, 'æ— å”®åè®¢å•æ•°': 40, 'æ— å”®åè®¢å•é‡‘é¢': 3495.67, 'é€€æ¬¾è®¢å•æ•°': 9, 'é€€æ¬¾è®¢å•é‡‘é¢': 759.4000000000001}
2025-05-29 14:28:45,839 - __main__ - INFO - æ–‡ä»¶å¯¼å‡ºæˆåŠŸ: processed_orders_20250529_142845.xlsx
2025-05-29 14:28:45,841 - __main__ - INFO - ä¸´æ—¶æ–‡ä»¶å·²åˆ é™¤: E:\excel\uploads\ä¹çŒª5.29.csv
2025-05-29 14:28:45,842 - werkzeug - INFO - 127.0.0.1 - - [29/May/2025 14:28:45] "POST /upload HTTP/1.1" 200 -
2025-05-29 14:30:41,926 - __main__ - INFO - æ–‡ä»¶å·²ä¿å­˜: E:\excel\uploads\æœ´æ°§5.29.csv
2025-05-29 14:30:41,926 - __main__ - INFO - å¼€å§‹å¤„ç†æ–‡ä»¶: E:\excel\uploads\æœ´æ°§5.29.csv
2025-05-29 14:30:41,927 - __main__ - INFO - æ–‡ä»¶å¤§å°: 21720 å­—èŠ‚
2025-05-29 14:30:41,947 - __main__ - INFO - æˆåŠŸä½¿ç”¨ utf-8 ç¼–ç è¯»å–CSVæ–‡ä»¶ï¼Œåˆ—å: ['å•†å“', 'è®¢å•å·', 'è®¢å•çŠ¶æ€', 'å•†å“æ€»ä»·(å…ƒ)', 'é‚®è´¹(å…ƒ)', 'åº—é“ºä¼˜æƒ æŠ˜æ‰£(å…ƒ)', 'å¹³å°ä¼˜æƒ æŠ˜æ‰£(å…ƒ)', 'å¤šå¤šæ”¯ä»˜ç«‹å‡é‡‘é¢(å…ƒ)', 'ç”¨æˆ·å®ä»˜é‡‘é¢(å…ƒ)', 'å•†å®¶å®æ”¶é‡‘é¢(å…ƒ)', 'å•†å“æ•°é‡(ä»¶)', 'å‘è´§æ—¶é—´', 'ç¡®è®¤æ”¶è´§æ—¶é—´', 'å•†å“id', 'å•†å“è§„æ ¼', 'æ ·å¼ID', 'å•†å®¶å¤‡æ³¨', 'å”®åçŠ¶æ€', 'å¿«é€’å•å·', 'å¿«é€’å…¬å¸', 'è®¢å•æˆäº¤æ—¶é—´', 'æ˜¯å¦åˆ†æœŸ', 'åˆ†æœŸæœŸæ•°', 'æ‰‹ç»­è´¹æ‰¿æ‹…æ–¹', 'åˆ†æœŸæ–¹å¼']
2025-05-29 14:30:41,952 - __main__ - INFO - æˆåŠŸè½¬æ¢é‡‘é¢åˆ—
2025-05-29 14:30:41,952 - __main__ - INFO - æˆåŠŸå¤„ç†å”®åçŠ¶æ€
2025-05-29 14:30:41,954 - __main__ - INFO - æˆåŠŸæ ‡è®°æœ‰æ•ˆè®¢å•
2025-05-29 14:30:41,957 - __main__ - INFO - æˆåŠŸæ ‡è®°å‘è´§çŠ¶æ€
2025-05-29 14:30:41,957 - __main__ - INFO - æœ‰æ•ˆè®¢å•æ•°é‡: 45
2025-05-29 14:30:41,966 - __main__ - INFO - ç»Ÿè®¡æ•°æ®: {'å®é™…é”€å”®è®¢å•æ•°': 45, 'å®é™…é”€å”®é‡‘é¢': 3860.12, 'å·²å‘è´§è®¢å•æ•°': 29, 'å·²å‘è´§è®¢å•é‡‘é¢': 2444.62, 'æœªå‘è´§è®¢å•æ•°': 0, 'æœªå‘è´§è®¢å•é‡‘é¢': 0.0, 'æ— å”®åè®¢å•æ•°': 44, 'æ— å”®åè®¢å•é‡‘é¢': 3761.12, 'é€€æ¬¾è®¢å•æ•°': 7, 'é€€æ¬¾è®¢å•é‡‘é¢': 606.3}
2025-05-29 14:30:42,079 - __main__ - INFO - æ–‡ä»¶å¯¼å‡ºæˆåŠŸ: processed_orders_20250529_143041.xlsx
2025-05-29 14:30:42,079 - __main__ - INFO - ä¸´æ—¶æ–‡ä»¶å·²åˆ é™¤: E:\excel\uploads\æœ´æ°§5.29.csv
2025-05-29 14:30:42,081 - werkzeug - INFO - 127.0.0.1 - - [29/May/2025 14:30:42] "POST /upload HTTP/1.1" 200 -
2025-05-29 14:30:44,171 - __main__ - INFO - æ–‡ä»¶å·²ä¿å­˜: E:\excel\uploads\ä¹çŒª5.29.csv
2025-05-29 14:30:44,171 - __main__ - INFO - å¼€å§‹å¤„ç†æ–‡ä»¶: E:\excel\uploads\ä¹çŒª5.29.csv
2025-05-29 14:30:44,172 - __main__ - INFO - æ–‡ä»¶å¤§å°: 18959 å­—èŠ‚
2025-05-29 14:30:44,196 - __main__ - INFO - æˆåŠŸä½¿ç”¨ utf-8 ç¼–ç è¯»å–CSVæ–‡ä»¶ï¼Œåˆ—å: ['å•†å“', 'è®¢å•å·', 'è®¢å•çŠ¶æ€', 'å•†å“æ€»ä»·(å…ƒ)', 'é‚®è´¹(å…ƒ)', 'åº—é“ºä¼˜æƒ æŠ˜æ‰£(å…ƒ)', 'å¹³å°ä¼˜æƒ æŠ˜æ‰£(å…ƒ)', 'å¤šå¤šæ”¯ä»˜ç«‹å‡é‡‘é¢(å…ƒ)', 'ç”¨æˆ·å®ä»˜é‡‘é¢(å…ƒ)', 'å•†å®¶å®æ”¶é‡‘é¢(å…ƒ)', 'å•†å“æ•°é‡(ä»¶)', 'å‘è´§æ—¶é—´', 'ç¡®è®¤æ”¶è´§æ—¶é—´', 'å•†å“id', 'å•†å“è§„æ ¼', 'æ ·å¼ID', 'å•†å®¶å¤‡æ³¨', 'å”®åçŠ¶æ€', 'å¿«é€’å•å·', 'å¿«é€’å…¬å¸', 'è®¢å•æˆäº¤æ—¶é—´', 'æ˜¯å¦åˆ†æœŸ', 'åˆ†æœŸæœŸæ•°', 'æ‰‹ç»­è´¹æ‰¿æ‹…æ–¹', 'åˆ†æœŸæ–¹å¼']
2025-05-29 14:30:44,196 - __main__ - INFO - æˆåŠŸè½¬æ¢é‡‘é¢åˆ—
2025-05-29 14:30:44,202 - __main__ - INFO - æˆåŠŸå¤„ç†å”®åçŠ¶æ€
2025-05-29 14:30:44,202 - __main__ - INFO - æˆåŠŸæ ‡è®°æœ‰æ•ˆè®¢å•
2025-05-29 14:30:44,208 - __main__ - INFO - æˆåŠŸæ ‡è®°å‘è´§çŠ¶æ€
2025-05-29 14:30:44,210 - __main__ - INFO - æœ‰æ•ˆè®¢å•æ•°é‡: 40
2025-05-29 14:30:44,216 - __main__ - INFO - ç»Ÿè®¡æ•°æ®: {'å®é™…é”€å”®è®¢å•æ•°': 40, 'å®é™…é”€å”®é‡‘é¢': 3495.67, 'å·²å‘è´§è®¢å•æ•°': 17, 'å·²å‘è´§è®¢å•é‡‘é¢': 1610.9, 'æœªå‘è´§è®¢å•æ•°': 0, 'æœªå‘è´§è®¢å•é‡‘é¢': 0.0, 'æ— å”®åè®¢å•æ•°': 40, 'æ— å”®åè®¢å•é‡‘é¢': 3495.67, 'é€€æ¬¾è®¢å•æ•°': 9, 'é€€æ¬¾è®¢å•é‡‘é¢': 759.4000000000001}
2025-05-29 14:30:44,341 - __main__ - INFO - æ–‡ä»¶å¯¼å‡ºæˆåŠŸ: processed_orders_20250529_143044.xlsx
2025-05-29 14:30:44,341 - __main__ - INFO - ä¸´æ—¶æ–‡ä»¶å·²åˆ é™¤: E:\excel\uploads\ä¹çŒª5.29.csv
2025-05-29 14:30:44,341 - werkzeug - INFO - 127.0.0.1 - - [29/May/2025 14:30:44] "POST /upload HTTP/1.1" 200 -
2025-05-29 14:30:45,264 - __main__ - INFO - å¼€å§‹ä¸‹è½½æ–‡ä»¶: processed_orders_20250529_143044.xlsx
2025-05-29 14:30:45,274 - werkzeug - INFO - 127.0.0.1 - - [29/May/2025 14:30:45] "GET /download/processed_orders_20250529_143044.xlsx HTTP/1.1" 200 -
2025-05-29 14:32:55,932 - werkzeug - INFO -  * Detected change in 'e:\\excel\\app.py', reloading
2025-05-29 14:32:56,000 - werkzeug - INFO -  * Restarting with stat
2025-05-29 14:32:56,538 - __main__ - INFO - ä¸Šä¼ ç›®å½•: E:\excel\uploads
2025-05-29 14:32:56,539 - __main__ - INFO - å¯¼å‡ºç›®å½•: E:\excel\exports
2025-05-29 14:32:56,551 - werkzeug - WARNING -  * Debugger is active!
2025-05-29 14:32:56,555 - werkzeug - INFO -  * Debugger PIN: 118-658-406
2025-05-29 14:32:57,604 - werkzeug - INFO -  * Detected change in 'e:\\excel\\app.py', reloading
2025-05-29 14:32:57,645 - werkzeug - INFO -  * Restarting with stat
2025-05-29 14:32:58,153 - __main__ - INFO - ä¸Šä¼ ç›®å½•: E:\excel\uploads
2025-05-29 14:32:58,153 - __main__ - INFO - å¯¼å‡ºç›®å½•: E:\excel\exports
2025-05-29 14:32:58,167 - werkzeug - WARNING -  * Debugger is active!
2025-05-29 14:32:58,172 - werkzeug - INFO -  * Debugger PIN: 118-658-406
2025-05-29 14:33:09,810 - __main__ - INFO - ä¸Šä¼ ç›®å½•: E:\excel\uploads
2025-05-29 14:33:09,812 - __main__ - INFO - å¯¼å‡ºç›®å½•: E:\excel\exports
2025-05-29 14:33:09,833 - werkzeug - INFO - [31m[1mWARNING: This is a development server. Do not use it in a production deployment. Use a production WSGI server instead.[0m
 * Running on http://127.0.0.1:5000
2025-05-29 14:33:09,835 - werkzeug - INFO - [33mPress CTRL+C to quit[0m
2025-05-29 14:33:09,835 - werkzeug - INFO -  * Restarting with stat
2025-05-29 14:33:10,392 - __main__ - INFO - ä¸Šä¼ ç›®å½•: E:\excel\uploads
2025-05-29 14:33:10,392 - __main__ - INFO - å¯¼å‡ºç›®å½•: E:\excel\exports
2025-05-29 14:33:10,407 - werkzeug - WARNING -  * Debugger is active!
2025-05-29 14:33:10,414 - werkzeug - INFO -  * Debugger PIN: 118-658-406
2025-05-29 14:33:12,837 - werkzeug - INFO - 127.0.0.1 - - [29/May/2025 14:33:12] "GET / HTTP/1.1" 200 -
2025-05-29 14:33:15,535 - __main__ - INFO - æ–‡ä»¶å·²ä¿å­˜: E:\excel\uploads\ä¹çŒª5.29.csv
2025-05-29 14:33:15,535 - __main__ - INFO - å¼€å§‹å¤„ç†æ–‡ä»¶: E:\excel\uploads\ä¹çŒª5.29.csv
2025-05-29 14:33:15,536 - __main__ - INFO - æ–‡ä»¶å¤§å°: 18959 å­—èŠ‚
2025-05-29 14:33:15,546 - __main__ - INFO - æˆåŠŸä½¿ç”¨ utf-8 ç¼–ç è¯»å–CSVæ–‡ä»¶ï¼Œåˆ—å: ['å•†å“', 'è®¢å•å·', 'è®¢å•çŠ¶æ€', 'å•†å“æ€»ä»·(å…ƒ)', 'é‚®è´¹(å…ƒ)', 'åº—é“ºä¼˜æƒ æŠ˜æ‰£(å…ƒ)', 'å¹³å°ä¼˜æƒ æŠ˜æ‰£(å…ƒ)', 'å¤šå¤šæ”¯ä»˜ç«‹å‡é‡‘é¢(å…ƒ)', 'ç”¨æˆ·å®ä»˜é‡‘é¢(å…ƒ)', 'å•†å®¶å®æ”¶é‡‘é¢(å…ƒ)', 'å•†å“æ•°é‡(ä»¶)', 'å‘è´§æ—¶é—´', 'ç¡®è®¤æ”¶è´§æ—¶é—´', 'å•†å“id', 'å•†å“è§„æ ¼', 'æ ·å¼ID', 'å•†å®¶å¤‡æ³¨', 'å”®åçŠ¶æ€', 'å¿«é€’å•å·', 'å¿«é€’å…¬å¸', 'è®¢å•æˆäº¤æ—¶é—´', 'æ˜¯å¦åˆ†æœŸ', 'åˆ†æœŸæœŸæ•°', 'æ‰‹ç»­è´¹æ‰¿æ‹…æ–¹', 'åˆ†æœŸæ–¹å¼']
2025-05-29 14:33:15,547 - __main__ - INFO - æˆåŠŸè½¬æ¢é‡‘é¢åˆ—
2025-05-29 14:33:15,548 - __main__ - INFO - æˆåŠŸå¤„ç†å”®åçŠ¶æ€
2025-05-29 14:33:15,549 - __main__ - INFO - æˆåŠŸæ ‡è®°æœ‰æ•ˆè®¢å•
2025-05-29 14:33:15,549 - __main__ - INFO - æˆåŠŸæ ‡è®°å‘è´§çŠ¶æ€
2025-05-29 14:33:15,549 - __main__ - INFO - æœ‰æ•ˆè®¢å•æ•°é‡: 40
2025-05-29 14:33:15,554 - __main__ - INFO - ç»Ÿè®¡æ•°æ®: {'å®é™…é”€å”®è®¢å•æ•°': 40, 'å®é™…é”€å”®é‡‘é¢': 3495.67, 'å·²å‘è´§è®¢å•æ•°': 17, 'å·²å‘è´§è®¢å•é‡‘é¢': 1610.9, 'æœªå‘è´§è®¢å•æ•°': 21, 'æœªå‘è´§è®¢å•é‡‘é¢': 1828.7700000000002, 'æ— å”®åè®¢å•æ•°': 40, 'æ— å”®åè®¢å•é‡‘é¢': 3495.67, 'é€€æ¬¾è®¢å•æ•°': 9, 'é€€æ¬¾è®¢å•é‡‘é¢': 759.4000000000001}
2025-05-29 14:33:15,745 - __main__ - INFO - æ–‡ä»¶å¯¼å‡ºæˆåŠŸ: processed_orders_20250529_143315.xlsx
2025-05-29 14:33:15,745 - __main__ - INFO - ä¸´æ—¶æ–‡ä»¶å·²åˆ é™¤: E:\excel\uploads\ä¹çŒª5.29.csv
2025-05-29 14:33:15,745 - werkzeug - INFO - 127.0.0.1 - - [29/May/2025 14:33:15] "POST /upload HTTP/1.1" 200 -
2025-05-29 14:33:21,536 - __main__ - INFO - æ–‡ä»¶å·²ä¿å­˜: E:\excel\uploads\æœ´æ°§5.29.csv
2025-05-29 14:33:21,537 - __main__ - INFO - å¼€å§‹å¤„ç†æ–‡ä»¶: E:\excel\uploads\æœ´æ°§5.29.csv
2025-05-29 14:33:21,537 - __main__ - INFO - æ–‡ä»¶å¤§å°: 21720 å­—èŠ‚
2025-05-29 14:33:21,558 - __main__ - INFO - æˆåŠŸä½¿ç”¨ utf-8 ç¼–ç è¯»å–CSVæ–‡ä»¶ï¼Œåˆ—å: ['å•†å“', 'è®¢å•å·', 'è®¢å•çŠ¶æ€', 'å•†å“æ€»ä»·(å…ƒ)', 'é‚®è´¹(å…ƒ)', 'åº—é“ºä¼˜æƒ æŠ˜æ‰£(å…ƒ)', 'å¹³å°ä¼˜æƒ æŠ˜æ‰£(å…ƒ)', 'å¤šå¤šæ”¯ä»˜ç«‹å‡é‡‘é¢(å…ƒ)', 'ç”¨æˆ·å®ä»˜é‡‘é¢(å…ƒ)', 'å•†å®¶å®æ”¶é‡‘é¢(å…ƒ)', 'å•†å“æ•°é‡(ä»¶)', 'å‘è´§æ—¶é—´', 'ç¡®è®¤æ”¶è´§æ—¶é—´', 'å•†å“id', 'å•†å“è§„æ ¼', 'æ ·å¼ID', 'å•†å®¶å¤‡æ³¨', 'å”®åçŠ¶æ€', 'å¿«é€’å•å·', 'å¿«é€’å…¬å¸', 'è®¢å•æˆäº¤æ—¶é—´', 'æ˜¯å¦åˆ†æœŸ', 'åˆ†æœŸæœŸæ•°', 'æ‰‹ç»­è´¹æ‰¿æ‹…æ–¹', 'åˆ†æœŸæ–¹å¼']
2025-05-29 14:33:21,563 - __main__ - INFO - æˆåŠŸè½¬æ¢é‡‘é¢åˆ—
2025-05-29 14:33:21,566 - __main__ - INFO - æˆåŠŸå¤„ç†å”®åçŠ¶æ€
2025-05-29 14:33:21,569 - __main__ - INFO - æˆåŠŸæ ‡è®°æœ‰æ•ˆè®¢å•
2025-05-29 14:33:21,569 - __main__ - INFO - æˆåŠŸæ ‡è®°å‘è´§çŠ¶æ€
2025-05-29 14:33:21,574 - __main__ - INFO - æœ‰æ•ˆè®¢å•æ•°é‡: 45
2025-05-29 14:33:21,589 - __main__ - INFO - ç»Ÿè®¡æ•°æ®: {'å®é™…é”€å”®è®¢å•æ•°': 45, 'å®é™…é”€å”®é‡‘é¢': 3860.12, 'å·²å‘è´§è®¢å•æ•°': 29, 'å·²å‘è´§è®¢å•é‡‘é¢': 2444.62, 'æœªå‘è´§è®¢å•æ•°': 16, 'æœªå‘è´§è®¢å•é‡‘é¢': 1415.5, 'æ— å”®åè®¢å•æ•°': 44, 'æ— å”®åè®¢å•é‡‘é¢': 3761.12, 'é€€æ¬¾è®¢å•æ•°': 7, 'é€€æ¬¾è®¢å•é‡‘é¢': 606.3}
2025-05-29 14:33:21,700 - __main__ - INFO - æ–‡ä»¶å¯¼å‡ºæˆåŠŸ: processed_orders_20250529_143321.xlsx
2025-05-29 14:33:21,702 - __main__ - INFO - ä¸´æ—¶æ–‡ä»¶å·²åˆ é™¤: E:\excel\uploads\æœ´æ°§5.29.csv
2025-05-29 14:33:21,703 - werkzeug - INFO - 127.0.0.1 - - [29/May/2025 14:33:21] "POST /upload HTTP/1.1" 200 -
2025-05-29 14:33:26,298 - __main__ - INFO - æ–‡ä»¶å·²ä¿å­˜: E:\excel\uploads\é¹¿è§5.29.csv
2025-05-29 14:33:26,299 - __main__ - INFO - å¼€å§‹å¤„ç†æ–‡ä»¶: E:\excel\uploads\é¹¿è§5.29.csv
2025-05-29 14:33:26,300 - __main__ - INFO - æ–‡ä»¶å¤§å°: 14086 å­—èŠ‚
2025-05-29 14:33:26,321 - __main__ - INFO - æˆåŠŸä½¿ç”¨ utf-8 ç¼–ç è¯»å–CSVæ–‡ä»¶ï¼Œåˆ—å: ['å•†å“', 'è®¢å•å·', 'è®¢å•çŠ¶æ€', 'å•†å“æ€»ä»·(å…ƒ)', 'é‚®è´¹(å…ƒ)', 'åº—é“ºä¼˜æƒ æŠ˜æ‰£(å…ƒ)', 'å¹³å°ä¼˜æƒ æŠ˜æ‰£(å…ƒ)', 'å¤šå¤šæ”¯ä»˜ç«‹å‡é‡‘é¢(å…ƒ)', 'ç”¨æˆ·å®ä»˜é‡‘é¢(å…ƒ)', 'å•†å®¶å®æ”¶é‡‘é¢(å…ƒ)', 'å•†å“æ•°é‡(ä»¶)', 'å‘è´§æ—¶é—´', 'ç¡®è®¤æ”¶è´§æ—¶é—´', 'å•†å“id', 'å•†å“è§„æ ¼', 'æ ·å¼ID', 'å•†å®¶å¤‡æ³¨', 'å”®åçŠ¶æ€', 'å¿«é€’å•å·', 'å¿«é€’å…¬å¸', 'è®¢å•æˆäº¤æ—¶é—´', 'æ˜¯å¦åˆ†æœŸ', 'åˆ†æœŸæœŸæ•°', 'æ‰‹ç»­è´¹æ‰¿æ‹…æ–¹', 'åˆ†æœŸæ–¹å¼']
2025-05-29 14:33:26,327 - __main__ - INFO - æˆåŠŸè½¬æ¢é‡‘é¢åˆ—
2025-05-29 14:33:26,329 - __main__ - INFO - æˆåŠŸå¤„ç†å”®åçŠ¶æ€
2025-05-29 14:33:26,331 - __main__ - INFO - æˆåŠŸæ ‡è®°æœ‰æ•ˆè®¢å•
2025-05-29 14:33:26,334 - __main__ - INFO - æˆåŠŸæ ‡è®°å‘è´§çŠ¶æ€
2025-05-29 14:33:26,334 - __main__ - INFO - æœ‰æ•ˆè®¢å•æ•°é‡: 26
2025-05-29 14:33:26,342 - __main__ - INFO - ç»Ÿè®¡æ•°æ®: {'å®é™…é”€å”®è®¢å•æ•°': 26, 'å®é™…é”€å”®é‡‘é¢': 2457.0200000000004, 'å·²å‘è´§è®¢å•æ•°': 14, 'å·²å‘è´§è®¢å•é‡‘é¢': 1346.02, 'æœªå‘è´§è®¢å•æ•°': 12, 'æœªå‘è´§è®¢å•é‡‘é¢': 1111.0, 'æ— å”®åè®¢å•æ•°': 26, 'æ— å”®åè®¢å•é‡‘é¢': 2457.0200000000004, 'é€€æ¬¾è®¢å•æ•°': 6, 'é€€æ¬¾è®¢å•é‡‘é¢': 558.0}
2025-05-29 14:33:26,424 - __main__ - INFO - æ–‡ä»¶å¯¼å‡ºæˆåŠŸ: processed_orders_20250529_143326.xlsx
2025-05-29 14:33:26,424 - __main__ - INFO - ä¸´æ—¶æ–‡ä»¶å·²åˆ é™¤: E:\excel\uploads\é¹¿è§5.29.csv
2025-05-29 14:33:26,424 - werkzeug - INFO - 127.0.0.1 - - [29/May/2025 14:33:26] "POST /upload HTTP/1.1" 200 -
2025-05-29 14:33:49,997 - __main__ - INFO - æ–‡ä»¶å·²ä¿å­˜: E:\excel\uploads\ä¹çŒª5.29.csv
2025-05-29 14:33:49,997 - __main__ - INFO - å¼€å§‹å¤„ç†æ–‡ä»¶: E:\excel\uploads\ä¹çŒª5.29.csv
2025-05-29 14:33:49,998 - __main__ - INFO - æ–‡ä»¶å¤§å°: 18959 å­—èŠ‚
2025-05-29 14:33:50,027 - __main__ - INFO - æˆåŠŸä½¿ç”¨ utf-8 ç¼–ç è¯»å–CSVæ–‡ä»¶ï¼Œåˆ—å: ['å•†å“', 'è®¢å•å·', 'è®¢å•çŠ¶æ€', 'å•†å“æ€»ä»·(å…ƒ)', 'é‚®è´¹(å…ƒ)', 'åº—é“ºä¼˜æƒ æŠ˜æ‰£(å…ƒ)', 'å¹³å°ä¼˜æƒ æŠ˜æ‰£(å…ƒ)', 'å¤šå¤šæ”¯ä»˜ç«‹å‡é‡‘é¢(å…ƒ)', 'ç”¨æˆ·å®ä»˜é‡‘é¢(å…ƒ)', 'å•†å®¶å®æ”¶é‡‘é¢(å…ƒ)', 'å•†å“æ•°é‡(ä»¶)', 'å‘è´§æ—¶é—´', 'ç¡®è®¤æ”¶è´§æ—¶é—´', 'å•†å“id', 'å•†å“è§„æ ¼', 'æ ·å¼ID', 'å•†å®¶å¤‡æ³¨', 'å”®åçŠ¶æ€', 'å¿«é€’å•å·', 'å¿«é€’å…¬å¸', 'è®¢å•æˆäº¤æ—¶é—´', 'æ˜¯å¦åˆ†æœŸ', 'åˆ†æœŸæœŸæ•°', 'æ‰‹ç»­è´¹æ‰¿æ‹…æ–¹', 'åˆ†æœŸæ–¹å¼']
2025-05-29 14:33:50,027 - __main__ - INFO - æˆåŠŸè½¬æ¢é‡‘é¢åˆ—
2025-05-29 14:33:50,027 - __main__ - INFO - æˆåŠŸå¤„ç†å”®åçŠ¶æ€
2025-05-29 14:33:50,032 - __main__ - INFO - æˆåŠŸæ ‡è®°æœ‰æ•ˆè®¢å•
2025-05-29 14:33:50,034 - __main__ - INFO - æˆåŠŸæ ‡è®°å‘è´§çŠ¶æ€
2025-05-29 14:33:50,034 - __main__ - INFO - æœ‰æ•ˆè®¢å•æ•°é‡: 40
2025-05-29 14:33:50,041 - __main__ - INFO - ç»Ÿè®¡æ•°æ®: {'å®é™…é”€å”®è®¢å•æ•°': 40, 'å®é™…é”€å”®é‡‘é¢': 3495.67, 'å·²å‘è´§è®¢å•æ•°': 17, 'å·²å‘è´§è®¢å•é‡‘é¢': 1610.9, 'æœªå‘è´§è®¢å•æ•°': 21, 'æœªå‘è´§è®¢å•é‡‘é¢': 1828.7700000000002, 'æ— å”®åè®¢å•æ•°': 40, 'æ— å”®åè®¢å•é‡‘é¢': 3495.67, 'é€€æ¬¾è®¢å•æ•°': 9, 'é€€æ¬¾è®¢å•é‡‘é¢': 759.4000000000001}
2025-05-29 14:33:50,145 - __main__ - INFO - æ–‡ä»¶å¯¼å‡ºæˆåŠŸ: processed_orders_20250529_143350.xlsx
2025-05-29 14:33:50,145 - __main__ - INFO - ä¸´æ—¶æ–‡ä»¶å·²åˆ é™¤: E:\excel\uploads\ä¹çŒª5.29.csv
2025-05-29 14:33:50,145 - werkzeug - INFO - 127.0.0.1 - - [29/May/2025 14:33:50] "POST /upload HTTP/1.1" 200 -
2025-05-29 14:38:28,142 - werkzeug - INFO -  * Detected change in 'e:\\excel\\app.py', reloading
2025-05-29 14:38:28,199 - werkzeug - INFO -  * Restarting with stat
2025-05-29 14:38:28,727 - __main__ - INFO - ä¸Šä¼ ç›®å½•: E:\excel\uploads
2025-05-29 14:38:28,727 - __main__ - INFO - å¯¼å‡ºç›®å½•: E:\excel\exports
2025-05-29 14:38:28,743 - werkzeug - WARNING -  * Debugger is active!
2025-05-29 14:38:28,748 - werkzeug - INFO -  * Debugger PIN: 118-658-406
2025-05-29 14:38:51,287 - werkzeug - INFO -  * Detected change in 'e:\\excel\\app.py', reloading
2025-05-29 14:38:51,323 - werkzeug - INFO -  * Restarting with stat
2025-05-29 14:38:51,833 - __main__ - INFO - ä¸Šä¼ ç›®å½•: E:\excel\uploads
2025-05-29 14:38:51,833 - __main__ - INFO - å¯¼å‡ºç›®å½•: E:\excel\exports
2025-05-29 14:38:51,845 - werkzeug - WARNING -  * Debugger is active!
2025-05-29 14:38:51,848 - werkzeug - INFO -  * Debugger PIN: 118-658-406
2025-05-29 14:39:00,275 - __main__ - INFO - ä¸Šä¼ ç›®å½•: E:\excel\uploads
2025-05-29 14:39:00,275 - __main__ - INFO - å¯¼å‡ºç›®å½•: E:\excel\exports
2025-05-29 14:39:00,302 - werkzeug - INFO - [31m[1mWARNING: This is a development server. Do not use it in a production deployment. Use a production WSGI server instead.[0m
 * Running on http://127.0.0.1:5000
2025-05-29 14:39:00,302 - werkzeug - INFO - [33mPress CTRL+C to quit[0m
2025-05-29 14:39:00,302 - werkzeug - INFO -  * Restarting with stat
2025-05-29 14:39:00,815 - __main__ - INFO - ä¸Šä¼ ç›®å½•: E:\excel\uploads
2025-05-29 14:39:00,815 - __main__ - INFO - å¯¼å‡ºç›®å½•: E:\excel\exports
2025-05-29 14:39:00,829 - werkzeug - WARNING -  * Debugger is active!
2025-05-29 14:39:00,832 - werkzeug - INFO -  * Debugger PIN: 118-658-406
2025-05-29 14:39:05,367 - werkzeug - INFO - 127.0.0.1 - - [29/May/2025 14:39:05] "GET / HTTP/1.1" 200 -
2025-05-29 14:39:17,843 - werkzeug - INFO - 127.0.0.1 - - [29/May/2025 14:39:17] "GET / HTTP/1.1" 200 -
2025-05-29 14:39:23,378 - werkzeug - INFO - 127.0.0.1 - - [29/May/2025 14:39:23] "GET / HTTP/1.1" 200 -
2025-05-29 14:41:18,406 - __main__ - INFO - ä¸Šä¼ ç›®å½•: E:\excel\uploads
2025-05-29 14:41:18,410 - __main__ - INFO - å¯¼å‡ºç›®å½•: E:\excel\exports
2025-05-29 14:41:18,428 - werkzeug - INFO - [31m[1mWARNING: This is a development server. Do not use it in a production deployment. Use a production WSGI server instead.[0m
 * Running on http://127.0.0.1:5000
2025-05-29 14:41:18,428 - werkzeug - INFO - [33mPress CTRL+C to quit[0m
2025-05-29 14:41:18,429 - werkzeug - INFO -  * Restarting with stat
2025-05-29 14:41:18,969 - __main__ - INFO - ä¸Šä¼ ç›®å½•: E:\excel\uploads
2025-05-29 14:41:18,969 - __main__ - INFO - å¯¼å‡ºç›®å½•: E:\excel\exports
2025-05-29 14:41:18,982 - werkzeug - WARNING -  * Debugger is active!
2025-05-29 14:41:18,986 - werkzeug - INFO -  * Debugger PIN: 118-658-406
2025-05-29 14:41:20,184 - werkzeug - INFO - 127.0.0.1 - - [29/May/2025 14:41:20] "GET / HTTP/1.1" 200 -
2025-05-29 14:41:25,001 - __main__ - INFO - æ–‡ä»¶å·²ä¿å­˜: E:\excel\uploads\ä¹çŒª5.29.csv
2025-05-29 14:41:25,001 - __main__ - INFO - å¼€å§‹å¤„ç†æ–‡ä»¶: E:\excel\uploads\ä¹çŒª5.29.csv
2025-05-29 14:41:25,001 - __main__ - INFO - æ–‡ä»¶å¤§å°: 18959 å­—èŠ‚
2025-05-29 14:41:25,013 - __main__ - INFO - æˆåŠŸä½¿ç”¨ utf-8 ç¼–ç è¯»å–CSVæ–‡ä»¶ï¼Œåˆ—å: ['å•†å“', 'è®¢å•å·', 'è®¢å•çŠ¶æ€', 'å•†å“æ€»ä»·(å…ƒ)', 'é‚®è´¹(å…ƒ)', 'åº—é“ºä¼˜æƒ æŠ˜æ‰£(å…ƒ)', 'å¹³å°ä¼˜æƒ æŠ˜æ‰£(å…ƒ)', 'å¤šå¤šæ”¯ä»˜ç«‹å‡é‡‘é¢(å…ƒ)', 'ç”¨æˆ·å®ä»˜é‡‘é¢(å…ƒ)', 'å•†å®¶å®æ”¶é‡‘é¢(å…ƒ)', 'å•†å“æ•°é‡(ä»¶)', 'å‘è´§æ—¶é—´', 'ç¡®è®¤æ”¶è´§æ—¶é—´', 'å•†å“id', 'å•†å“è§„æ ¼', 'æ ·å¼ID', 'å•†å®¶å¤‡æ³¨', 'å”®åçŠ¶æ€', 'å¿«é€’å•å·', 'å¿«é€’å…¬å¸', 'è®¢å•æˆäº¤æ—¶é—´', 'æ˜¯å¦åˆ†æœŸ', 'åˆ†æœŸæœŸæ•°', 'æ‰‹ç»­è´¹æ‰¿æ‹…æ–¹', 'åˆ†æœŸæ–¹å¼']
2025-05-29 14:41:25,014 - __main__ - INFO - æˆåŠŸè½¬æ¢é‡‘é¢åˆ—
2025-05-29 14:41:25,014 - __main__ - INFO - æˆåŠŸå¤„ç†å”®åçŠ¶æ€
2025-05-29 14:41:25,015 - __main__ - INFO - æˆåŠŸæ ‡è®°æœ‰æ•ˆè®¢å•
2025-05-29 14:41:25,017 - __main__ - INFO - æˆåŠŸæ ‡è®°å‘è´§çŠ¶æ€
2025-05-29 14:41:25,017 - __main__ - INFO - æˆåŠŸæ ‡è®°æ”¶è´§çŠ¶æ€
2025-05-29 14:41:25,018 - __main__ - INFO - æœ‰æ•ˆè®¢å•æ•°é‡: 40
2025-05-29 14:41:25,021 - __main__ - INFO - ç»Ÿè®¡æ•°æ®: {'å®é™…é”€å”®è®¢å•æ•°': 40, 'å®é™…é”€å”®é‡‘é¢': 3495.67, 'å·²å‘è´§è®¢å•æ•°': 17, 'å·²å‘è´§è®¢å•é‡‘é¢': 1610.9, 'æœªå‘è´§è®¢å•æ•°': 21, 'æœªå‘è´§è®¢å•é‡‘é¢': 1828.7700000000002, 'æ— å”®åè®¢å•æ•°': 40, 'æ— å”®åè®¢å•é‡‘é¢': 3495.67, 'é€€æ¬¾è®¢å•æ•°': 9, 'é€€æ¬¾è®¢å•é‡‘é¢': 759.4000000000001, 'å·²æ”¶è´§è®¢å•æ•°': 2, 'å·²æ”¶è´§è®¢å•é‡‘é¢': 56.0}
2025-05-29 14:41:25,149 - __main__ - INFO - æ–‡ä»¶å¯¼å‡ºæˆåŠŸ: processed_orders_20250529_144125.xlsx
2025-05-29 14:41:25,149 - __main__ - INFO - ä¸´æ—¶æ–‡ä»¶å·²åˆ é™¤: E:\excel\uploads\ä¹çŒª5.29.csv
2025-05-29 14:41:25,149 - werkzeug - INFO - 127.0.0.1 - - [29/May/2025 14:41:25] "POST /upload HTTP/1.1" 200 -
2025-05-29 14:43:27,369 - werkzeug - INFO -  * Detected change in 'e:\\excel\\app.py', reloading
2025-05-29 14:43:27,452 - werkzeug - INFO -  * Restarting with stat
2025-05-29 14:43:27,946 - __main__ - INFO - ä¸Šä¼ ç›®å½•: E:\excel\uploads
2025-05-29 14:43:27,946 - __main__ - INFO - å¯¼å‡ºç›®å½•: E:\excel\exports
2025-05-29 14:43:27,962 - werkzeug - WARNING -  * Debugger is active!
2025-05-29 14:43:27,969 - werkzeug - INFO -  * Debugger PIN: 118-658-406
2025-05-29 14:44:36,061 - __main__ - INFO - ä¸Šä¼ ç›®å½•: E:\excel\uploads
2025-05-29 14:44:36,061 - __main__ - INFO - å¯¼å‡ºç›®å½•: E:\excel\exports
2025-05-29 14:44:36,081 - werkzeug - INFO - [31m[1mWARNING: This is a development server. Do not use it in a production deployment. Use a production WSGI server instead.[0m
 * Running on http://127.0.0.1:5000
2025-05-29 14:44:36,082 - werkzeug - INFO - [33mPress CTRL+C to quit[0m
2025-05-29 14:44:36,084 - werkzeug - INFO -  * Restarting with stat
2025-05-29 14:44:36,613 - __main__ - INFO - ä¸Šä¼ ç›®å½•: E:\excel\uploads
2025-05-29 14:44:36,613 - __main__ - INFO - å¯¼å‡ºç›®å½•: E:\excel\exports
2025-05-29 14:44:36,627 - werkzeug - WARNING -  * Debugger is active!
2025-05-29 14:44:36,632 - werkzeug - INFO -  * Debugger PIN: 118-658-406
2025-05-29 14:44:38,724 - werkzeug - INFO - 127.0.0.1 - - [29/May/2025 14:44:38] "GET / HTTP/1.1" 200 -
2025-05-29 14:46:47,498 - __main__ - INFO - ä¸Šä¼ ç›®å½•: E:\excel\uploads
2025-05-29 14:46:47,498 - __main__ - INFO - å¯¼å‡ºç›®å½•: E:\excel\exports
2025-05-29 14:46:47,516 - werkzeug - INFO - [31m[1mWARNING: This is a development server. Do not use it in a production deployment. Use a production WSGI server instead.[0m
 * Running on http://127.0.0.1:5000
2025-05-29 14:46:47,516 - werkzeug - INFO - [33mPress CTRL+C to quit[0m
2025-05-29 14:46:47,517 - werkzeug - INFO -  * Restarting with stat
2025-05-29 14:46:48,035 - __main__ - INFO - ä¸Šä¼ ç›®å½•: E:\excel\uploads
2025-05-29 14:46:48,035 - __main__ - INFO - å¯¼å‡ºç›®å½•: E:\excel\exports
2025-05-29 14:46:48,048 - werkzeug - WARNING -  * Debugger is active!
2025-05-29 14:46:48,053 - werkzeug - INFO -  * Debugger PIN: 118-658-406
2025-05-29 14:46:49,378 - werkzeug - INFO - 127.0.0.1 - - [29/May/2025 14:46:49] "GET / HTTP/1.1" 200 -
2025-05-29 14:46:54,569 - werkzeug - INFO - 127.0.0.1 - - [29/May/2025 14:46:54] "GET / HTTP/1.1" 200 -
2025-05-29 14:46:59,794 - werkzeug - INFO - 127.0.0.1 - - [29/May/2025 14:46:59] "[33mGET /favicon.ico HTTP/1.1[0m" 404 -
2025-05-29 14:49:53,059 - __main__ - INFO - ä¸Šä¼ ç›®å½•: E:\excel\uploads
2025-05-29 14:49:53,059 - __main__ - INFO - å¯¼å‡ºç›®å½•: E:\excel\exports
2025-05-29 14:49:53,076 - werkzeug - INFO - [31m[1mWARNING: This is a development server. Do not use it in a production deployment. Use a production WSGI server instead.[0m
 * Running on http://127.0.0.1:5000
2025-05-29 14:49:53,076 - werkzeug - INFO - [33mPress CTRL+C to quit[0m
2025-05-29 14:49:53,076 - werkzeug - INFO -  * Restarting with stat
2025-05-29 14:49:53,610 - __main__ - INFO - ä¸Šä¼ ç›®å½•: E:\excel\uploads
2025-05-29 14:49:53,610 - __main__ - INFO - å¯¼å‡ºç›®å½•: E:\excel\exports
2025-05-29 14:49:53,623 - werkzeug - WARNING -  * Debugger is active!
2025-05-29 14:49:53,627 - werkzeug - INFO -  * Debugger PIN: 118-658-406
2025-05-29 14:49:54,945 - werkzeug - INFO - 127.0.0.1 - - [29/May/2025 14:49:54] "GET / HTTP/1.1" 200 -
2025-05-29 14:49:57,905 - werkzeug - INFO - 127.0.0.1 - - [29/May/2025 14:49:57] "GET / HTTP/1.1" 200 -
2025-05-29 14:52:19,522 - werkzeug - INFO -  * Detected change in 'e:\\excel\\app.py', reloading
2025-05-29 14:52:19,613 - werkzeug - INFO -  * Restarting with stat
2025-05-29 14:52:20,133 - __main__ - INFO - ä¸Šä¼ ç›®å½•: E:\excel\uploads
2025-05-29 14:52:20,133 - __main__ - INFO - å¯¼å‡ºç›®å½•: E:\excel\exports
2025-05-29 14:52:20,143 - werkzeug - WARNING -  * Debugger is active!
2025-05-29 14:52:20,149 - werkzeug - INFO -  * Debugger PIN: 118-658-406
2025-05-29 14:52:57,747 - werkzeug - INFO - 127.0.0.1 - - [29/May/2025 14:52:57] "GET / HTTP/1.1" 200 -
2025-05-29 14:53:09,220 - werkzeug - INFO - 127.0.0.1 - - [29/May/2025 14:53:09] "GET / HTTP/1.1" 200 -
2025-05-29 14:53:19,620 - werkzeug - INFO - 127.0.0.1 - - [29/May/2025 14:53:19] "[33mGET /favicon.ico HTTP/1.1[0m" 404 -
2025-05-29 14:53:49,730 - __main__ - INFO - ä¸Šä¼ ç›®å½•: E:\excel\uploads
2025-05-29 14:53:49,731 - __main__ - INFO - å¯¼å‡ºç›®å½•: E:\excel\exports
2025-05-29 14:53:49,752 - werkzeug - INFO - [31m[1mWARNING: This is a development server. Do not use it in a production deployment. Use a production WSGI server instead.[0m
 * Running on http://127.0.0.1:5000
2025-05-29 14:53:49,752 - werkzeug - INFO - [33mPress CTRL+C to quit[0m
2025-05-29 14:53:49,753 - werkzeug - INFO -  * Restarting with stat
2025-05-29 14:53:50,274 - __main__ - INFO - ä¸Šä¼ ç›®å½•: E:\excel\uploads
2025-05-29 14:53:50,274 - __main__ - INFO - å¯¼å‡ºç›®å½•: E:\excel\exports
2025-05-29 14:53:50,288 - werkzeug - WARNING -  * Debugger is active!
2025-05-29 14:53:50,292 - werkzeug - INFO -  * Debugger PIN: 118-658-406
2025-05-29 14:53:52,577 - werkzeug - INFO - 127.0.0.1 - - [29/May/2025 14:53:52] "GET / HTTP/1.1" 200 -
2025-05-29 14:55:37,768 - __main__ - INFO - ä¸Šä¼ ç›®å½•: E:\excel\uploads
2025-05-29 14:55:37,768 - __main__ - INFO - å¯¼å‡ºç›®å½•: E:\excel\exports
2025-05-29 14:55:37,787 - werkzeug - INFO - [31m[1mWARNING: This is a development server. Do not use it in a production deployment. Use a production WSGI server instead.[0m
 * Running on http://127.0.0.1:5000
2025-05-29 14:55:37,787 - werkzeug - INFO - [33mPress CTRL+C to quit[0m
2025-05-29 14:55:37,787 - werkzeug - INFO -  * Restarting with stat
2025-05-29 14:55:38,334 - __main__ - INFO - ä¸Šä¼ ç›®å½•: E:\excel\uploads
2025-05-29 14:55:38,334 - __main__ - INFO - å¯¼å‡ºç›®å½•: E:\excel\exports
2025-05-29 14:55:38,344 - werkzeug - WARNING -  * Debugger is active!
2025-05-29 14:55:38,352 - werkzeug - INFO -  * Debugger PIN: 118-658-406
2025-05-29 14:55:39,558 - werkzeug - INFO - 127.0.0.1 - - [29/May/2025 14:55:39] "GET / HTTP/1.1" 200 -
2025-05-29 15:01:13,630 - __main__ - INFO - ä¸Šä¼ ç›®å½•: E:\excel\uploads
2025-05-29 15:01:13,630 - __main__ - INFO - å¯¼å‡ºç›®å½•: E:\excel\exports
2025-05-29 15:01:13,654 - werkzeug - INFO - [31m[1mWARNING: This is a development server. Do not use it in a production deployment. Use a production WSGI server instead.[0m
 * Running on http://127.0.0.1:5000
2025-05-29 15:01:13,654 - werkzeug - INFO - [33mPress CTRL+C to quit[0m
2025-05-29 15:01:13,656 - werkzeug - INFO -  * Restarting with stat
2025-05-29 15:01:14,142 - __main__ - INFO - ä¸Šä¼ ç›®å½•: E:\excel\uploads
2025-05-29 15:01:14,142 - __main__ - INFO - å¯¼å‡ºç›®å½•: E:\excel\exports
2025-05-29 15:01:14,155 - werkzeug - WARNING -  * Debugger is active!
2025-05-29 15:01:14,163 - werkzeug - INFO -  * Debugger PIN: 118-658-406
2025-05-29 15:01:15,331 - werkzeug - INFO - 127.0.0.1 - - [29/May/2025 15:01:15] "GET / HTTP/1.1" 200 -
2025-05-29 15:02:45,362 - werkzeug - INFO - 127.0.0.1 - - [29/May/2025 15:02:45] "GET / HTTP/1.1" 200 -
2025-05-29 15:02:48,077 - __main__ - INFO - æ–‡ä»¶å·²ä¿å­˜: E:\excel\uploads\ä¹çŒª5.29.csv
2025-05-29 15:02:48,077 - __main__ - INFO - å¼€å§‹å¤„ç†æ–‡ä»¶: E:\excel\uploads\ä¹çŒª5.29.csv
2025-05-29 15:02:48,078 - __main__ - INFO - æ–‡ä»¶å¤§å°: 18959 å­—èŠ‚
2025-05-29 15:02:48,091 - __main__ - INFO - æˆåŠŸä½¿ç”¨ utf-8 ç¼–ç è¯»å–CSVæ–‡ä»¶ï¼Œåˆ—å: ['å•†å“', 'è®¢å•å·', 'è®¢å•çŠ¶æ€', 'å•†å“æ€»ä»·(å…ƒ)', 'é‚®è´¹(å…ƒ)', 'åº—é“ºä¼˜æƒ æŠ˜æ‰£(å…ƒ)', 'å¹³å°ä¼˜æƒ æŠ˜æ‰£(å…ƒ)', 'å¤šå¤šæ”¯ä»˜ç«‹å‡é‡‘é¢(å…ƒ)', 'ç”¨æˆ·å®ä»˜é‡‘é¢(å…ƒ)', 'å•†å®¶å®æ”¶é‡‘é¢(å…ƒ)', 'å•†å“æ•°é‡(ä»¶)', 'å‘è´§æ—¶é—´', 'ç¡®è®¤æ”¶è´§æ—¶é—´', 'å•†å“id', 'å•†å“è§„æ ¼', 'æ ·å¼ID', 'å•†å®¶å¤‡æ³¨', 'å”®åçŠ¶æ€', 'å¿«é€’å•å·', 'å¿«é€’å…¬å¸', 'è®¢å•æˆäº¤æ—¶é—´', 'æ˜¯å¦åˆ†æœŸ', 'åˆ†æœŸæœŸæ•°', 'æ‰‹ç»­è´¹æ‰¿æ‹…æ–¹', 'åˆ†æœŸæ–¹å¼']
2025-05-29 15:02:48,092 - __main__ - INFO - æˆåŠŸè½¬æ¢é‡‘é¢åˆ—
2025-05-29 15:02:48,093 - __main__ - INFO - æˆåŠŸå¤„ç†å”®åçŠ¶æ€
2025-05-29 15:02:48,094 - __main__ - INFO - æˆåŠŸæ ‡è®°æœ‰æ•ˆè®¢å•
2025-05-29 15:02:48,096 - __main__ - INFO - æˆåŠŸæ ‡è®°å‘è´§çŠ¶æ€
2025-05-29 15:02:48,097 - __main__ - INFO - æˆåŠŸæ ‡è®°æ”¶è´§çŠ¶æ€
2025-05-29 15:02:48,098 - __main__ - INFO - æœ‰æ•ˆè®¢å•æ•°é‡: 40
2025-05-29 15:02:48,100 - __main__ - INFO - ç»Ÿè®¡æ•°æ®: {'å®é™…é”€å”®è®¢å•æ•°': 40, 'å®é™…é”€å”®é‡‘é¢': 3495.67, 'å·²å‘è´§è®¢å•æ•°': 17, 'å·²å‘è´§è®¢å•é‡‘é¢': 1610.9, 'æœªå‘è´§è®¢å•æ•°': 21, 'æœªå‘è´§è®¢å•é‡‘é¢': 1828.7700000000002, 'æ— å”®åè®¢å•æ•°': 40, 'æ— å”®åè®¢å•é‡‘é¢': 3495.67, 'é€€æ¬¾è®¢å•æ•°': 9, 'é€€æ¬¾è®¢å•é‡‘é¢': 759.4000000000001, 'å·²æ”¶è´§è®¢å•æ•°': 2, 'å·²æ”¶è´§è®¢å•é‡‘é¢': 56.0}
2025-05-29 15:02:48,243 - __main__ - INFO - æ–‡ä»¶å¯¼å‡ºæˆåŠŸ: processed_orders_20250529_150248.xlsx
2025-05-29 15:02:48,243 - __main__ - INFO - ä¸´æ—¶æ–‡ä»¶å·²åˆ é™¤: E:\excel\uploads\ä¹çŒª5.29.csv
2025-05-29 15:02:48,248 - werkzeug - INFO - 127.0.0.1 - - [29/May/2025 15:02:48] "POST /upload HTTP/1.1" 200 -
2025-05-29 15:02:54,002 - __main__ - INFO - æ–‡ä»¶å·²ä¿å­˜: E:\excel\uploads\é¹¿è§5.29.csv
2025-05-29 15:02:54,003 - __main__ - INFO - å¼€å§‹å¤„ç†æ–‡ä»¶: E:\excel\uploads\é¹¿è§5.29.csv
2025-05-29 15:02:54,003 - __main__ - INFO - æ–‡ä»¶å¤§å°: 14086 å­—èŠ‚
2025-05-29 15:02:54,015 - __main__ - INFO - æˆåŠŸä½¿ç”¨ utf-8 ç¼–ç è¯»å–CSVæ–‡ä»¶ï¼Œåˆ—å: ['å•†å“', 'è®¢å•å·', 'è®¢å•çŠ¶æ€', 'å•†å“æ€»ä»·(å…ƒ)', 'é‚®è´¹(å…ƒ)', 'åº—é“ºä¼˜æƒ æŠ˜æ‰£(å…ƒ)', 'å¹³å°ä¼˜æƒ æŠ˜æ‰£(å…ƒ)', 'å¤šå¤šæ”¯ä»˜ç«‹å‡é‡‘é¢(å…ƒ)', 'ç”¨æˆ·å®ä»˜é‡‘é¢(å…ƒ)', 'å•†å®¶å®æ”¶é‡‘é¢(å…ƒ)', 'å•†å“æ•°é‡(ä»¶)', 'å‘è´§æ—¶é—´', 'ç¡®è®¤æ”¶è´§æ—¶é—´', 'å•†å“id', 'å•†å“è§„æ ¼', 'æ ·å¼ID', 'å•†å®¶å¤‡æ³¨', 'å”®åçŠ¶æ€', 'å¿«é€’å•å·', 'å¿«é€’å…¬å¸', 'è®¢å•æˆäº¤æ—¶é—´', 'æ˜¯å¦åˆ†æœŸ', 'åˆ†æœŸæœŸæ•°', 'æ‰‹ç»­è´¹æ‰¿æ‹…æ–¹', 'åˆ†æœŸæ–¹å¼']
2025-05-29 15:02:54,016 - __main__ - INFO - æˆåŠŸè½¬æ¢é‡‘é¢åˆ—
2025-05-29 15:02:54,017 - __main__ - INFO - æˆåŠŸå¤„ç†å”®åçŠ¶æ€
2025-05-29 15:02:54,017 - __main__ - INFO - æˆåŠŸæ ‡è®°æœ‰æ•ˆè®¢å•
2025-05-29 15:02:54,018 - __main__ - INFO - æˆåŠŸæ ‡è®°å‘è´§çŠ¶æ€
2025-05-29 15:02:54,019 - __main__ - INFO - æˆåŠŸæ ‡è®°æ”¶è´§çŠ¶æ€
2025-05-29 15:02:54,019 - __main__ - INFO - æœ‰æ•ˆè®¢å•æ•°é‡: 26
2025-05-29 15:02:54,023 - __main__ - INFO - ç»Ÿè®¡æ•°æ®: {'å®é™…é”€å”®è®¢å•æ•°': 26, 'å®é™…é”€å”®é‡‘é¢': 2457.0200000000004, 'å·²å‘è´§è®¢å•æ•°': 14, 'å·²å‘è´§è®¢å•é‡‘é¢': 1346.02, 'æœªå‘è´§è®¢å•æ•°': 12, 'æœªå‘è´§è®¢å•é‡‘é¢': 1111.0, 'æ— å”®åè®¢å•æ•°': 26, 'æ— å”®åè®¢å•é‡‘é¢': 2457.0200000000004, 'é€€æ¬¾è®¢å•æ•°': 6, 'é€€æ¬¾è®¢å•é‡‘é¢': 558.0, 'å·²æ”¶è´§è®¢å•æ•°': 0, 'å·²æ”¶è´§è®¢å•é‡‘é¢': 0.0}
2025-05-29 15:02:54,052 - __main__ - INFO - æ–‡ä»¶å¯¼å‡ºæˆåŠŸ: processed_orders_20250529_150254.xlsx
2025-05-29 15:02:54,052 - __main__ - INFO - ä¸´æ—¶æ–‡ä»¶å·²åˆ é™¤: E:\excel\uploads\é¹¿è§5.29.csv
2025-05-29 15:02:54,053 - werkzeug - INFO - 127.0.0.1 - - [29/May/2025 15:02:54] "POST /upload HTTP/1.1" 200 -
2025-05-29 15:02:56,251 - __main__ - INFO - æ–‡ä»¶å·²ä¿å­˜: E:\excel\uploads\æœ´æ°§5.29.csv
2025-05-29 15:02:56,251 - __main__ - INFO - å¼€å§‹å¤„ç†æ–‡ä»¶: E:\excel\uploads\æœ´æ°§5.29.csv
2025-05-29 15:02:56,251 - __main__ - INFO - æ–‡ä»¶å¤§å°: 21720 å­—èŠ‚
2025-05-29 15:02:56,272 - __main__ - INFO - æˆåŠŸä½¿ç”¨ utf-8 ç¼–ç è¯»å–CSVæ–‡ä»¶ï¼Œåˆ—å: ['å•†å“', 'è®¢å•å·', 'è®¢å•çŠ¶æ€', 'å•†å“æ€»ä»·(å…ƒ)', 'é‚®è´¹(å…ƒ)', 'åº—é“ºä¼˜æƒ æŠ˜æ‰£(å…ƒ)', 'å¹³å°ä¼˜æƒ æŠ˜æ‰£(å…ƒ)', 'å¤šå¤šæ”¯ä»˜ç«‹å‡é‡‘é¢(å…ƒ)', 'ç”¨æˆ·å®ä»˜é‡‘é¢(å…ƒ)', 'å•†å®¶å®æ”¶é‡‘é¢(å…ƒ)', 'å•†å“æ•°é‡(ä»¶)', 'å‘è´§æ—¶é—´', 'ç¡®è®¤æ”¶è´§æ—¶é—´', 'å•†å“id', 'å•†å“è§„æ ¼', 'æ ·å¼ID', 'å•†å®¶å¤‡æ³¨', 'å”®åçŠ¶æ€', 'å¿«é€’å•å·', 'å¿«é€’å…¬å¸', 'è®¢å•æˆäº¤æ—¶é—´', 'æ˜¯å¦åˆ†æœŸ', 'åˆ†æœŸæœŸæ•°', 'æ‰‹ç»­è´¹æ‰¿æ‹…æ–¹', 'åˆ†æœŸæ–¹å¼']
2025-05-29 15:02:56,273 - __main__ - INFO - æˆåŠŸè½¬æ¢é‡‘é¢åˆ—
2025-05-29 15:02:56,274 - __main__ - INFO - æˆåŠŸå¤„ç†å”®åçŠ¶æ€
2025-05-29 15:02:56,275 - __main__ - INFO - æˆåŠŸæ ‡è®°æœ‰æ•ˆè®¢å•
2025-05-29 15:02:56,276 - __main__ - INFO - æˆåŠŸæ ‡è®°å‘è´§çŠ¶æ€
2025-05-29 15:02:56,276 - __main__ - INFO - æˆåŠŸæ ‡è®°æ”¶è´§çŠ¶æ€
2025-05-29 15:02:56,277 - __main__ - INFO - æœ‰æ•ˆè®¢å•æ•°é‡: 45
2025-05-29 15:02:56,278 - __main__ - INFO - ç»Ÿè®¡æ•°æ®: {'å®é™…é”€å”®è®¢å•æ•°': 45, 'å®é™…é”€å”®é‡‘é¢': 3860.12, 'å·²å‘è´§è®¢å•æ•°': 29, 'å·²å‘è´§è®¢å•é‡‘é¢': 2444.62, 'æœªå‘è´§è®¢å•æ•°': 16, 'æœªå‘è´§è®¢å•é‡‘é¢': 1415.5, 'æ— å”®åè®¢å•æ•°': 44, 'æ— å”®åè®¢å•é‡‘é¢': 3761.12, 'é€€æ¬¾è®¢å•æ•°': 7, 'é€€æ¬¾è®¢å•é‡‘é¢': 606.3, 'å·²æ”¶è´§è®¢å•æ•°': 0, 'å·²æ”¶è´§è®¢å•é‡‘é¢': 0.0}
2025-05-29 15:02:56,325 - __main__ - INFO - æ–‡ä»¶å¯¼å‡ºæˆåŠŸ: processed_orders_20250529_150256.xlsx
2025-05-29 15:02:56,325 - __main__ - INFO - ä¸´æ—¶æ–‡ä»¶å·²åˆ é™¤: E:\excel\uploads\æœ´æ°§5.29.csv
2025-05-29 15:02:56,326 - werkzeug - INFO - 127.0.0.1 - - [29/May/2025 15:02:56] "POST /upload HTTP/1.1" 200 -
2025-05-29 15:02:58,705 - __main__ - INFO - æ–‡ä»¶å·²ä¿å­˜: E:\excel\uploads\é¹¿è§5.29.csv
2025-05-29 15:02:58,706 - __main__ - INFO - å¼€å§‹å¤„ç†æ–‡ä»¶: E:\excel\uploads\é¹¿è§5.29.csv
2025-05-29 15:02:58,706 - __main__ - INFO - æ–‡ä»¶å¤§å°: 14086 å­—èŠ‚
2025-05-29 15:02:58,729 - __main__ - INFO - æˆåŠŸä½¿ç”¨ utf-8 ç¼–ç è¯»å–CSVæ–‡ä»¶ï¼Œåˆ—å: ['å•†å“', 'è®¢å•å·', 'è®¢å•çŠ¶æ€', 'å•†å“æ€»ä»·(å…ƒ)', 'é‚®è´¹(å…ƒ)', 'åº—é“ºä¼˜æƒ æŠ˜æ‰£(å…ƒ)', 'å¹³å°ä¼˜æƒ æŠ˜æ‰£(å…ƒ)', 'å¤šå¤šæ”¯ä»˜ç«‹å‡é‡‘é¢(å…ƒ)', 'ç”¨æˆ·å®ä»˜é‡‘é¢(å…ƒ)', 'å•†å®¶å®æ”¶é‡‘é¢(å…ƒ)', 'å•†å“æ•°é‡(ä»¶)', 'å‘è´§æ—¶é—´', 'ç¡®è®¤æ”¶è´§æ—¶é—´', 'å•†å“id', 'å•†å“è§„æ ¼', 'æ ·å¼ID', 'å•†å®¶å¤‡æ³¨', 'å”®åçŠ¶æ€', 'å¿«é€’å•å·', 'å¿«é€’å…¬å¸', 'è®¢å•æˆäº¤æ—¶é—´', 'æ˜¯å¦åˆ†æœŸ', 'åˆ†æœŸæœŸæ•°', 'æ‰‹ç»­è´¹æ‰¿æ‹…æ–¹', 'åˆ†æœŸæ–¹å¼']
2025-05-29 15:02:58,730 - __main__ - INFO - æˆåŠŸè½¬æ¢é‡‘é¢åˆ—
2025-05-29 15:02:58,730 - __main__ - INFO - æˆåŠŸå¤„ç†å”®åçŠ¶æ€
2025-05-29 15:02:58,730 - __main__ - INFO - æˆåŠŸæ ‡è®°æœ‰æ•ˆè®¢å•
2025-05-29 15:02:58,730 - __main__ - INFO - æˆåŠŸæ ‡è®°å‘è´§çŠ¶æ€
2025-05-29 15:02:58,730 - __main__ - INFO - æˆåŠŸæ ‡è®°æ”¶è´§çŠ¶æ€
2025-05-29 15:02:58,734 - __main__ - INFO - æœ‰æ•ˆè®¢å•æ•°é‡: 26
2025-05-29 15:02:58,737 - __main__ - INFO - ç»Ÿè®¡æ•°æ®: {'å®é™…é”€å”®è®¢å•æ•°': 26, 'å®é™…é”€å”®é‡‘é¢': 2457.0200000000004, 'å·²å‘è´§è®¢å•æ•°': 14, 'å·²å‘è´§è®¢å•é‡‘é¢': 1346.02, 'æœªå‘è´§è®¢å•æ•°': 12, 'æœªå‘è´§è®¢å•é‡‘é¢': 1111.0, 'æ— å”®åè®¢å•æ•°': 26, 'æ— å”®åè®¢å•é‡‘é¢': 2457.0200000000004, 'é€€æ¬¾è®¢å•æ•°': 6, 'é€€æ¬¾è®¢å•é‡‘é¢': 558.0, 'å·²æ”¶è´§è®¢å•æ•°': 0, 'å·²æ”¶è´§è®¢å•é‡‘é¢': 0.0}
2025-05-29 15:02:58,779 - __main__ - INFO - æ–‡ä»¶å¯¼å‡ºæˆåŠŸ: processed_orders_20250529_150258.xlsx
2025-05-29 15:02:58,779 - __main__ - INFO - ä¸´æ—¶æ–‡ä»¶å·²åˆ é™¤: E:\excel\uploads\é¹¿è§5.29.csv
2025-05-29 15:02:58,779 - werkzeug - INFO - 127.0.0.1 - - [29/May/2025 15:02:58] "POST /upload HTTP/1.1" 200 -
